INFO - 2024-12-08 05:24:01 --> Session: Class initialized using 'CodeIgniter\Session\Handlers\FileHandler' driver.
INFO - 2024-12-08 05:24:04 --> Session: Class initialized using 'CodeIgniter\Session\Handlers\FileHandler' driver.
INFO - 2024-12-08 05:24:05 --> Session: Class initialized using 'CodeIgniter\Session\Handlers\FileHandler' driver.
INFO - 2024-12-08 05:24:31 --> Session: Class initialized using 'CodeIgniter\Session\Handlers\FileHandler' driver.
INFO - 2024-12-08 05:24:33 --> Session: Class initialized using 'CodeIgniter\Session\Handlers\FileHandler' driver.
INFO - 2024-12-08 05:24:34 --> Session: Class initialized using 'CodeIgniter\Session\Handlers\FileHandler' driver.
INFO - 2024-12-08 09:52:38 --> Session: Class initialized using 'CodeIgniter\Session\Handlers\FileHandler' driver.
INFO - 2024-12-08 10:52:38 --> Session: Class initialized using 'CodeIgniter\Session\Handlers\FileHandler' driver.
INFO - 2024-12-08 10:52:44 --> Session: Class initialized using 'CodeIgniter\Session\Handlers\FileHandler' driver.
INFO - 2024-12-08 10:52:45 --> Session: Class initialized using 'CodeIgniter\Session\Handlers\FileHandler' driver.
INFO - 2024-12-08 11:24:58 --> Session: Class initialized using 'CodeIgniter\Session\Handlers\FileHandler' driver.
ERROR - 2024-12-08 11:24:58 --> mysqli_sql_exception: Table 'masjid_db.kas_masuk' doesn't exist in D:\laragon\www\masjidAlhikmah\msj\system\Database\MySQLi\Connection.php:312
Stack trace:
#0 D:\laragon\www\masjidAlhikmah\msj\system\Database\MySQLi\Connection.php(312): mysqli->query()
#1 D:\laragon\www\masjidAlhikmah\msj\system\Database\BaseConnection.php(734): CodeIgniter\Database\MySQLi\Connection->execute()
#2 D:\laragon\www\masjidAlhikmah\msj\system\Database\BaseConnection.php(648): CodeIgniter\Database\BaseConnection->simpleQuery()
#3 D:\laragon\www\masjidAlhikmah\msj\system\Database\BaseBuilder.php(1644): CodeIgniter\Database\BaseConnection->query()
#4 D:\laragon\www\masjidAlhikmah\msj\system\Model.php(286): CodeIgniter\Database\BaseBuilder->get()
#5 D:\laragon\www\masjidAlhikmah\msj\system\BaseModel.php(676): CodeIgniter\Model->doFindAll()
#6 D:\laragon\www\masjidAlhikmah\msj\app\Controllers\KasController.php(22): CodeIgniter\BaseModel->findAll()
#7 D:\laragon\www\masjidAlhikmah\msj\system\CodeIgniter.php(933): App\Controllers\KasController->index()
#8 D:\laragon\www\masjidAlhikmah\msj\system\CodeIgniter.php(509): CodeIgniter\CodeIgniter->runController()
#9 D:\laragon\www\masjidAlhikmah\msj\system\CodeIgniter.php(355): CodeIgniter\CodeIgniter->handleRequest()
#10 D:\laragon\www\masjidAlhikmah\msj\system\Boot.php(325): CodeIgniter\CodeIgniter->run()
#11 D:\laragon\www\masjidAlhikmah\msj\system\Boot.php(67): CodeIgniter\Boot::runCodeIgniter()
#12 D:\laragon\www\masjidAlhikmah\msj\public\index.php(56): CodeIgniter\Boot::bootWeb()
#13 D:\laragon\www\masjidAlhikmah\msj\system\rewrite.php(44): require_once('...')
#14 {main}
CRITICAL - 2024-12-08 11:24:58 --> CodeIgniter\Database\Exceptions\DatabaseException: Table 'masjid_db.kas_masuk' doesn't exist
[Method: GET, Route: dashboardkas]
in SYSTEMPATH\Database\BaseConnection.php on line 688.
 1 SYSTEMPATH\Database\BaseBuilder.php(1644): CodeIgniter\Database\BaseConnection->query()
 2 SYSTEMPATH\Model.php(286): CodeIgniter\Database\BaseBuilder->get()
 3 SYSTEMPATH\BaseModel.php(676): CodeIgniter\Model->doFindAll()
 4 APPPATH\Controllers\KasController.php(22): CodeIgniter\BaseModel->findAll()
 5 SYSTEMPATH\CodeIgniter.php(933): App\Controllers\KasController->index()
 6 SYSTEMPATH\CodeIgniter.php(509): CodeIgniter\CodeIgniter->runController()
 7 SYSTEMPATH\CodeIgniter.php(355): CodeIgniter\CodeIgniter->handleRequest()
 8 SYSTEMPATH\Boot.php(325): CodeIgniter\CodeIgniter->run()
 9 SYSTEMPATH\Boot.php(67): CodeIgniter\Boot::runCodeIgniter()
10 FCPATH\index.php(56): CodeIgniter\Boot::bootWeb()
11 SYSTEMPATH\rewrite.php(44): require_once('D:\\laragon\\www\\masjidAlhikmah\\msj\\public\\index.php')
CRITICAL - 2024-12-08 11:24:58 --> [Caused by] CodeIgniter\Database\Exceptions\DatabaseException: Table 'masjid_db.kas_masuk' doesn't exist
in SYSTEMPATH\Database\MySQLi\Connection.php on line 317.
 1 SYSTEMPATH\Database\BaseConnection.php(734): CodeIgniter\Database\MySQLi\Connection->execute()
 2 SYSTEMPATH\Database\BaseConnection.php(648): CodeIgniter\Database\BaseConnection->simpleQuery()
 3 SYSTEMPATH\Database\BaseBuilder.php(1644): CodeIgniter\Database\BaseConnection->query()
 4 SYSTEMPATH\Model.php(286): CodeIgniter\Database\BaseBuilder->get()
 5 SYSTEMPATH\BaseModel.php(676): CodeIgniter\Model->doFindAll()
 6 APPPATH\Controllers\KasController.php(22): CodeIgniter\BaseModel->findAll()
 7 SYSTEMPATH\CodeIgniter.php(933): App\Controllers\KasController->index()
 8 SYSTEMPATH\CodeIgniter.php(509): CodeIgniter\CodeIgniter->runController()
 9 SYSTEMPATH\CodeIgniter.php(355): CodeIgniter\CodeIgniter->handleRequest()
10 SYSTEMPATH\Boot.php(325): CodeIgniter\CodeIgniter->run()
11 SYSTEMPATH\Boot.php(67): CodeIgniter\Boot::runCodeIgniter()
12 FCPATH\index.php(56): CodeIgniter\Boot::bootWeb()
13 SYSTEMPATH\rewrite.php(44): require_once('D:\\laragon\\www\\masjidAlhikmah\\msj\\public\\index.php')
CRITICAL - 2024-12-08 11:24:58 --> [Caused by] mysqli_sql_exception: Table 'masjid_db.kas_masuk' doesn't exist
in SYSTEMPATH\Database\MySQLi\Connection.php on line 312.
 1 SYSTEMPATH\Database\MySQLi\Connection.php(312): mysqli->query()
 2 SYSTEMPATH\Database\BaseConnection.php(734): CodeIgniter\Database\MySQLi\Connection->execute()
 3 SYSTEMPATH\Database\BaseConnection.php(648): CodeIgniter\Database\BaseConnection->simpleQuery()
 4 SYSTEMPATH\Database\BaseBuilder.php(1644): CodeIgniter\Database\BaseConnection->query()
 5 SYSTEMPATH\Model.php(286): CodeIgniter\Database\BaseBuilder->get()
 6 SYSTEMPATH\BaseModel.php(676): CodeIgniter\Model->doFindAll()
 7 APPPATH\Controllers\KasController.php(22): CodeIgniter\BaseModel->findAll()
 8 SYSTEMPATH\CodeIgniter.php(933): App\Controllers\KasController->index()
 9 SYSTEMPATH\CodeIgniter.php(509): CodeIgniter\CodeIgniter->runController()
10 SYSTEMPATH\CodeIgniter.php(355): CodeIgniter\CodeIgniter->handleRequest()
11 SYSTEMPATH\Boot.php(325): CodeIgniter\CodeIgniter->run()
12 SYSTEMPATH\Boot.php(67): CodeIgniter\Boot::runCodeIgniter()
13 FCPATH\index.php(56): CodeIgniter\Boot::bootWeb()
14 SYSTEMPATH\rewrite.php(44): require_once('D:\\laragon\\www\\masjidAlhikmah\\msj\\public\\index.php')
INFO - 2024-12-08 11:28:00 --> Session: Class initialized using 'CodeIgniter\Session\Handlers\FileHandler' driver.
ERROR - 2024-12-08 11:28:00 --> mysqli_sql_exception: Table 'masjid_db.kas_masuk' doesn't exist in D:\laragon\www\masjidAlhikmah\msj\system\Database\MySQLi\Connection.php:312
Stack trace:
#0 D:\laragon\www\masjidAlhikmah\msj\system\Database\MySQLi\Connection.php(312): mysqli->query()
#1 D:\laragon\www\masjidAlhikmah\msj\system\Database\BaseConnection.php(734): CodeIgniter\Database\MySQLi\Connection->execute()
#2 D:\laragon\www\masjidAlhikmah\msj\system\Database\BaseConnection.php(648): CodeIgniter\Database\BaseConnection->simpleQuery()
#3 D:\laragon\www\masjidAlhikmah\msj\system\Database\BaseBuilder.php(1644): CodeIgniter\Database\BaseConnection->query()
#4 D:\laragon\www\masjidAlhikmah\msj\system\Model.php(286): CodeIgniter\Database\BaseBuilder->get()
#5 D:\laragon\www\masjidAlhikmah\msj\system\BaseModel.php(676): CodeIgniter\Model->doFindAll()
#6 D:\laragon\www\masjidAlhikmah\msj\app\Controllers\KasController.php(22): CodeIgniter\BaseModel->findAll()
#7 D:\laragon\www\masjidAlhikmah\msj\system\CodeIgniter.php(933): App\Controllers\KasController->index()
#8 D:\laragon\www\masjidAlhikmah\msj\system\CodeIgniter.php(509): CodeIgniter\CodeIgniter->runController()
#9 D:\laragon\www\masjidAlhikmah\msj\system\CodeIgniter.php(355): CodeIgniter\CodeIgniter->handleRequest()
#10 D:\laragon\www\masjidAlhikmah\msj\system\Boot.php(325): CodeIgniter\CodeIgniter->run()
#11 D:\laragon\www\masjidAlhikmah\msj\system\Boot.php(67): CodeIgniter\Boot::runCodeIgniter()
#12 D:\laragon\www\masjidAlhikmah\msj\public\index.php(56): CodeIgniter\Boot::bootWeb()
#13 D:\laragon\www\masjidAlhikmah\msj\system\rewrite.php(44): require_once('...')
#14 {main}
CRITICAL - 2024-12-08 11:28:00 --> CodeIgniter\Database\Exceptions\DatabaseException: Table 'masjid_db.kas_masuk' doesn't exist
[Method: GET, Route: dashboardkas]
in SYSTEMPATH\Database\BaseConnection.php on line 688.
 1 SYSTEMPATH\Database\BaseBuilder.php(1644): CodeIgniter\Database\BaseConnection->query()
 2 SYSTEMPATH\Model.php(286): CodeIgniter\Database\BaseBuilder->get()
 3 SYSTEMPATH\BaseModel.php(676): CodeIgniter\Model->doFindAll()
 4 APPPATH\Controllers\KasController.php(22): CodeIgniter\BaseModel->findAll()
 5 SYSTEMPATH\CodeIgniter.php(933): App\Controllers\KasController->index()
 6 SYSTEMPATH\CodeIgniter.php(509): CodeIgniter\CodeIgniter->runController()
 7 SYSTEMPATH\CodeIgniter.php(355): CodeIgniter\CodeIgniter->handleRequest()
 8 SYSTEMPATH\Boot.php(325): CodeIgniter\CodeIgniter->run()
 9 SYSTEMPATH\Boot.php(67): CodeIgniter\Boot::runCodeIgniter()
10 FCPATH\index.php(56): CodeIgniter\Boot::bootWeb()
11 SYSTEMPATH\rewrite.php(44): require_once('D:\\laragon\\www\\masjidAlhikmah\\msj\\public\\index.php')
CRITICAL - 2024-12-08 11:28:00 --> [Caused by] CodeIgniter\Database\Exceptions\DatabaseException: Table 'masjid_db.kas_masuk' doesn't exist
in SYSTEMPATH\Database\MySQLi\Connection.php on line 317.
 1 SYSTEMPATH\Database\BaseConnection.php(734): CodeIgniter\Database\MySQLi\Connection->execute()
 2 SYSTEMPATH\Database\BaseConnection.php(648): CodeIgniter\Database\BaseConnection->simpleQuery()
 3 SYSTEMPATH\Database\BaseBuilder.php(1644): CodeIgniter\Database\BaseConnection->query()
 4 SYSTEMPATH\Model.php(286): CodeIgniter\Database\BaseBuilder->get()
 5 SYSTEMPATH\BaseModel.php(676): CodeIgniter\Model->doFindAll()
 6 APPPATH\Controllers\KasController.php(22): CodeIgniter\BaseModel->findAll()
 7 SYSTEMPATH\CodeIgniter.php(933): App\Controllers\KasController->index()
 8 SYSTEMPATH\CodeIgniter.php(509): CodeIgniter\CodeIgniter->runController()
 9 SYSTEMPATH\CodeIgniter.php(355): CodeIgniter\CodeIgniter->handleRequest()
10 SYSTEMPATH\Boot.php(325): CodeIgniter\CodeIgniter->run()
11 SYSTEMPATH\Boot.php(67): CodeIgniter\Boot::runCodeIgniter()
12 FCPATH\index.php(56): CodeIgniter\Boot::bootWeb()
13 SYSTEMPATH\rewrite.php(44): require_once('D:\\laragon\\www\\masjidAlhikmah\\msj\\public\\index.php')
CRITICAL - 2024-12-08 11:28:00 --> [Caused by] mysqli_sql_exception: Table 'masjid_db.kas_masuk' doesn't exist
in SYSTEMPATH\Database\MySQLi\Connection.php on line 312.
 1 SYSTEMPATH\Database\MySQLi\Connection.php(312): mysqli->query()
 2 SYSTEMPATH\Database\BaseConnection.php(734): CodeIgniter\Database\MySQLi\Connection->execute()
 3 SYSTEMPATH\Database\BaseConnection.php(648): CodeIgniter\Database\BaseConnection->simpleQuery()
 4 SYSTEMPATH\Database\BaseBuilder.php(1644): CodeIgniter\Database\BaseConnection->query()
 5 SYSTEMPATH\Model.php(286): CodeIgniter\Database\BaseBuilder->get()
 6 SYSTEMPATH\BaseModel.php(676): CodeIgniter\Model->doFindAll()
 7 APPPATH\Controllers\KasController.php(22): CodeIgniter\BaseModel->findAll()
 8 SYSTEMPATH\CodeIgniter.php(933): App\Controllers\KasController->index()
 9 SYSTEMPATH\CodeIgniter.php(509): CodeIgniter\CodeIgniter->runController()
10 SYSTEMPATH\CodeIgniter.php(355): CodeIgniter\CodeIgniter->handleRequest()
11 SYSTEMPATH\Boot.php(325): CodeIgniter\CodeIgniter->run()
12 SYSTEMPATH\Boot.php(67): CodeIgniter\Boot::runCodeIgniter()
13 FCPATH\index.php(56): CodeIgniter\Boot::bootWeb()
14 SYSTEMPATH\rewrite.php(44): require_once('D:\\laragon\\www\\masjidAlhikmah\\msj\\public\\index.php')
INFO - 2024-12-08 11:28:03 --> Session: Class initialized using 'CodeIgniter\Session\Handlers\FileHandler' driver.
ERROR - 2024-12-08 11:28:03 --> mysqli_sql_exception: Table 'masjid_db.kas_masuk' doesn't exist in D:\laragon\www\masjidAlhikmah\msj\system\Database\MySQLi\Connection.php:312
Stack trace:
#0 D:\laragon\www\masjidAlhikmah\msj\system\Database\MySQLi\Connection.php(312): mysqli->query()
#1 D:\laragon\www\masjidAlhikmah\msj\system\Database\BaseConnection.php(734): CodeIgniter\Database\MySQLi\Connection->execute()
#2 D:\laragon\www\masjidAlhikmah\msj\system\Database\BaseConnection.php(648): CodeIgniter\Database\BaseConnection->simpleQuery()
#3 D:\laragon\www\masjidAlhikmah\msj\system\Database\BaseBuilder.php(1644): CodeIgniter\Database\BaseConnection->query()
#4 D:\laragon\www\masjidAlhikmah\msj\system\Model.php(286): CodeIgniter\Database\BaseBuilder->get()
#5 D:\laragon\www\masjidAlhikmah\msj\system\BaseModel.php(676): CodeIgniter\Model->doFindAll()
#6 D:\laragon\www\masjidAlhikmah\msj\app\Controllers\KasController.php(22): CodeIgniter\BaseModel->findAll()
#7 D:\laragon\www\masjidAlhikmah\msj\system\CodeIgniter.php(933): App\Controllers\KasController->index()
#8 D:\laragon\www\masjidAlhikmah\msj\system\CodeIgniter.php(509): CodeIgniter\CodeIgniter->runController()
#9 D:\laragon\www\masjidAlhikmah\msj\system\CodeIgniter.php(355): CodeIgniter\CodeIgniter->handleRequest()
#10 D:\laragon\www\masjidAlhikmah\msj\system\Boot.php(325): CodeIgniter\CodeIgniter->run()
#11 D:\laragon\www\masjidAlhikmah\msj\system\Boot.php(67): CodeIgniter\Boot::runCodeIgniter()
#12 D:\laragon\www\masjidAlhikmah\msj\public\index.php(56): CodeIgniter\Boot::bootWeb()
#13 D:\laragon\www\masjidAlhikmah\msj\system\rewrite.php(44): require_once('...')
#14 {main}
CRITICAL - 2024-12-08 11:28:03 --> CodeIgniter\Database\Exceptions\DatabaseException: Table 'masjid_db.kas_masuk' doesn't exist
[Method: GET, Route: dashboardkas]
in SYSTEMPATH\Database\BaseConnection.php on line 688.
 1 SYSTEMPATH\Database\BaseBuilder.php(1644): CodeIgniter\Database\BaseConnection->query()
 2 SYSTEMPATH\Model.php(286): CodeIgniter\Database\BaseBuilder->get()
 3 SYSTEMPATH\BaseModel.php(676): CodeIgniter\Model->doFindAll()
 4 APPPATH\Controllers\KasController.php(22): CodeIgniter\BaseModel->findAll()
 5 SYSTEMPATH\CodeIgniter.php(933): App\Controllers\KasController->index()
 6 SYSTEMPATH\CodeIgniter.php(509): CodeIgniter\CodeIgniter->runController()
 7 SYSTEMPATH\CodeIgniter.php(355): CodeIgniter\CodeIgniter->handleRequest()
 8 SYSTEMPATH\Boot.php(325): CodeIgniter\CodeIgniter->run()
 9 SYSTEMPATH\Boot.php(67): CodeIgniter\Boot::runCodeIgniter()
10 FCPATH\index.php(56): CodeIgniter\Boot::bootWeb()
11 SYSTEMPATH\rewrite.php(44): require_once('D:\\laragon\\www\\masjidAlhikmah\\msj\\public\\index.php')
CRITICAL - 2024-12-08 11:28:03 --> [Caused by] CodeIgniter\Database\Exceptions\DatabaseException: Table 'masjid_db.kas_masuk' doesn't exist
in SYSTEMPATH\Database\MySQLi\Connection.php on line 317.
 1 SYSTEMPATH\Database\BaseConnection.php(734): CodeIgniter\Database\MySQLi\Connection->execute()
 2 SYSTEMPATH\Database\BaseConnection.php(648): CodeIgniter\Database\BaseConnection->simpleQuery()
 3 SYSTEMPATH\Database\BaseBuilder.php(1644): CodeIgniter\Database\BaseConnection->query()
 4 SYSTEMPATH\Model.php(286): CodeIgniter\Database\BaseBuilder->get()
 5 SYSTEMPATH\BaseModel.php(676): CodeIgniter\Model->doFindAll()
 6 APPPATH\Controllers\KasController.php(22): CodeIgniter\BaseModel->findAll()
 7 SYSTEMPATH\CodeIgniter.php(933): App\Controllers\KasController->index()
 8 SYSTEMPATH\CodeIgniter.php(509): CodeIgniter\CodeIgniter->runController()
 9 SYSTEMPATH\CodeIgniter.php(355): CodeIgniter\CodeIgniter->handleRequest()
10 SYSTEMPATH\Boot.php(325): CodeIgniter\CodeIgniter->run()
11 SYSTEMPATH\Boot.php(67): CodeIgniter\Boot::runCodeIgniter()
12 FCPATH\index.php(56): CodeIgniter\Boot::bootWeb()
13 SYSTEMPATH\rewrite.php(44): require_once('D:\\laragon\\www\\masjidAlhikmah\\msj\\public\\index.php')
CRITICAL - 2024-12-08 11:28:03 --> [Caused by] mysqli_sql_exception: Table 'masjid_db.kas_masuk' doesn't exist
in SYSTEMPATH\Database\MySQLi\Connection.php on line 312.
 1 SYSTEMPATH\Database\MySQLi\Connection.php(312): mysqli->query()
 2 SYSTEMPATH\Database\BaseConnection.php(734): CodeIgniter\Database\MySQLi\Connection->execute()
 3 SYSTEMPATH\Database\BaseConnection.php(648): CodeIgniter\Database\BaseConnection->simpleQuery()
 4 SYSTEMPATH\Database\BaseBuilder.php(1644): CodeIgniter\Database\BaseConnection->query()
 5 SYSTEMPATH\Model.php(286): CodeIgniter\Database\BaseBuilder->get()
 6 SYSTEMPATH\BaseModel.php(676): CodeIgniter\Model->doFindAll()
 7 APPPATH\Controllers\KasController.php(22): CodeIgniter\BaseModel->findAll()
 8 SYSTEMPATH\CodeIgniter.php(933): App\Controllers\KasController->index()
 9 SYSTEMPATH\CodeIgniter.php(509): CodeIgniter\CodeIgniter->runController()
10 SYSTEMPATH\CodeIgniter.php(355): CodeIgniter\CodeIgniter->handleRequest()
11 SYSTEMPATH\Boot.php(325): CodeIgniter\CodeIgniter->run()
12 SYSTEMPATH\Boot.php(67): CodeIgniter\Boot::runCodeIgniter()
13 FCPATH\index.php(56): CodeIgniter\Boot::bootWeb()
14 SYSTEMPATH\rewrite.php(44): require_once('D:\\laragon\\www\\masjidAlhikmah\\msj\\public\\index.php')
INFO - 2024-12-08 11:30:52 --> Session: Class initialized using 'CodeIgniter\Session\Handlers\FileHandler' driver.
INFO - 2024-12-08 11:31:30 --> Session: Class initialized using 'CodeIgniter\Session\Handlers\FileHandler' driver.
INFO - 2024-12-08 11:31:30 --> Session: Class initialized using 'CodeIgniter\Session\Handlers\FileHandler' driver.
INFO - 2024-12-08 11:32:53 --> Session: Class initialized using 'CodeIgniter\Session\Handlers\FileHandler' driver.
INFO - 2024-12-08 11:32:55 --> Session: Class initialized using 'CodeIgniter\Session\Handlers\FileHandler' driver.
INFO - 2024-12-08 11:34:50 --> Session: Class initialized using 'CodeIgniter\Session\Handlers\FileHandler' driver.
INFO - 2024-12-08 11:34:53 --> Session: Class initialized using 'CodeIgniter\Session\Handlers\FileHandler' driver.
ERROR - 2024-12-08 11:44:43 --> mysqli_sql_exception: Table 'db_masjid.informasi_masjid' doesn't exist in D:\laragon\www\masjidAlhikmah\msj\system\Database\MySQLi\Connection.php:312
Stack trace:
#0 D:\laragon\www\masjidAlhikmah\msj\system\Database\MySQLi\Connection.php(312): mysqli->query()
#1 D:\laragon\www\masjidAlhikmah\msj\system\Database\BaseConnection.php(734): CodeIgniter\Database\MySQLi\Connection->execute()
#2 D:\laragon\www\masjidAlhikmah\msj\system\Database\BaseConnection.php(648): CodeIgniter\Database\BaseConnection->simpleQuery()
#3 D:\laragon\www\masjidAlhikmah\msj\app\Views\contentDb\headerdb.php(12): CodeIgniter\Database\BaseConnection->query()
#4 D:\laragon\www\masjidAlhikmah\msj\app\Views\index.php(2): include('...')
#5 D:\laragon\www\masjidAlhikmah\msj\system\View\View.php(234): include('...')
#6 D:\laragon\www\masjidAlhikmah\msj\system\View\View.php(237): CodeIgniter\View\View->CodeIgniter\View\{closure}()
#7 D:\laragon\www\masjidAlhikmah\msj\system\Common.php(1171): CodeIgniter\View\View->render()
#8 D:\laragon\www\masjidAlhikmah\msj\app\Controllers\pages.php(11): view()
#9 D:\laragon\www\masjidAlhikmah\msj\system\CodeIgniter.php(933): App\Controllers\Pages->index()
#10 D:\laragon\www\masjidAlhikmah\msj\system\CodeIgniter.php(509): CodeIgniter\CodeIgniter->runController()
#11 D:\laragon\www\masjidAlhikmah\msj\system\CodeIgniter.php(355): CodeIgniter\CodeIgniter->handleRequest()
#12 D:\laragon\www\masjidAlhikmah\msj\system\Boot.php(325): CodeIgniter\CodeIgniter->run()
#13 D:\laragon\www\masjidAlhikmah\msj\system\Boot.php(67): CodeIgniter\Boot::runCodeIgniter()
#14 D:\laragon\www\masjidAlhikmah\msj\public\index.php(56): CodeIgniter\Boot::bootWeb()
#15 D:\laragon\www\masjidAlhikmah\msj\system\rewrite.php(44): require_once('...')
#16 {main}
CRITICAL - 2024-12-08 11:44:43 --> CodeIgniter\Database\Exceptions\DatabaseException: Table 'db_masjid.informasi_masjid' doesn't exist
[Method: GET, Route: /]
in SYSTEMPATH\Database\BaseConnection.php on line 688.
 1 APPPATH\Views\contentDb\headerdb.php(12): CodeIgniter\Database\BaseConnection->query()
 2 APPPATH\Views\index.php(2): include('D:\\laragon\\www\\masjidAlhikmah\\msj\\app\\Views\\contentDb\\headerdb.php')
 3 SYSTEMPATH\View\View.php(234): include('D:\\laragon\\www\\masjidAlhikmah\\msj\\app\\Views\\index.php')
 4 SYSTEMPATH\View\View.php(237): CodeIgniter\View\View->CodeIgniter\View\{closure}()
 5 SYSTEMPATH\Common.php(1171): CodeIgniter\View\View->render()
 6 APPPATH\Controllers\pages.php(11): view()
 7 SYSTEMPATH\CodeIgniter.php(933): App\Controllers\Pages->index()
 8 SYSTEMPATH\CodeIgniter.php(509): CodeIgniter\CodeIgniter->runController()
 9 SYSTEMPATH\CodeIgniter.php(355): CodeIgniter\CodeIgniter->handleRequest()
10 SYSTEMPATH\Boot.php(325): CodeIgniter\CodeIgniter->run()
11 SYSTEMPATH\Boot.php(67): CodeIgniter\Boot::runCodeIgniter()
12 FCPATH\index.php(56): CodeIgniter\Boot::bootWeb()
13 SYSTEMPATH\rewrite.php(44): require_once('D:\\laragon\\www\\masjidAlhikmah\\msj\\public\\index.php')
CRITICAL - 2024-12-08 11:44:43 --> [Caused by] CodeIgniter\Database\Exceptions\DatabaseException: Table 'db_masjid.informasi_masjid' doesn't exist
in SYSTEMPATH\Database\MySQLi\Connection.php on line 317.
 1 SYSTEMPATH\Database\BaseConnection.php(734): CodeIgniter\Database\MySQLi\Connection->execute()
 2 SYSTEMPATH\Database\BaseConnection.php(648): CodeIgniter\Database\BaseConnection->simpleQuery()
 3 APPPATH\Views\contentDb\headerdb.php(12): CodeIgniter\Database\BaseConnection->query()
 4 APPPATH\Views\index.php(2): include('D:\\laragon\\www\\masjidAlhikmah\\msj\\app\\Views\\contentDb\\headerdb.php')
 5 SYSTEMPATH\View\View.php(234): include('D:\\laragon\\www\\masjidAlhikmah\\msj\\app\\Views\\index.php')
 6 SYSTEMPATH\View\View.php(237): CodeIgniter\View\View->CodeIgniter\View\{closure}()
 7 SYSTEMPATH\Common.php(1171): CodeIgniter\View\View->render()
 8 APPPATH\Controllers\pages.php(11): view()
 9 SYSTEMPATH\CodeIgniter.php(933): App\Controllers\Pages->index()
10 SYSTEMPATH\CodeIgniter.php(509): CodeIgniter\CodeIgniter->runController()
11 SYSTEMPATH\CodeIgniter.php(355): CodeIgniter\CodeIgniter->handleRequest()
12 SYSTEMPATH\Boot.php(325): CodeIgniter\CodeIgniter->run()
13 SYSTEMPATH\Boot.php(67): CodeIgniter\Boot::runCodeIgniter()
14 FCPATH\index.php(56): CodeIgniter\Boot::bootWeb()
15 SYSTEMPATH\rewrite.php(44): require_once('D:\\laragon\\www\\masjidAlhikmah\\msj\\public\\index.php')
CRITICAL - 2024-12-08 11:44:43 --> [Caused by] mysqli_sql_exception: Table 'db_masjid.informasi_masjid' doesn't exist
in SYSTEMPATH\Database\MySQLi\Connection.php on line 312.
 1 SYSTEMPATH\Database\MySQLi\Connection.php(312): mysqli->query()
 2 SYSTEMPATH\Database\BaseConnection.php(734): CodeIgniter\Database\MySQLi\Connection->execute()
 3 SYSTEMPATH\Database\BaseConnection.php(648): CodeIgniter\Database\BaseConnection->simpleQuery()
 4 APPPATH\Views\contentDb\headerdb.php(12): CodeIgniter\Database\BaseConnection->query()
 5 APPPATH\Views\index.php(2): include('D:\\laragon\\www\\masjidAlhikmah\\msj\\app\\Views\\contentDb\\headerdb.php')
 6 SYSTEMPATH\View\View.php(234): include('D:\\laragon\\www\\masjidAlhikmah\\msj\\app\\Views\\index.php')
 7 SYSTEMPATH\View\View.php(237): CodeIgniter\View\View->CodeIgniter\View\{closure}()
 8 SYSTEMPATH\Common.php(1171): CodeIgniter\View\View->render()
 9 APPPATH\Controllers\pages.php(11): view()
10 SYSTEMPATH\CodeIgniter.php(933): App\Controllers\Pages->index()
11 SYSTEMPATH\CodeIgniter.php(509): CodeIgniter\CodeIgniter->runController()
12 SYSTEMPATH\CodeIgniter.php(355): CodeIgniter\CodeIgniter->handleRequest()
13 SYSTEMPATH\Boot.php(325): CodeIgniter\CodeIgniter->run()
14 SYSTEMPATH\Boot.php(67): CodeIgniter\Boot::runCodeIgniter()
15 FCPATH\index.php(56): CodeIgniter\Boot::bootWeb()
16 SYSTEMPATH\rewrite.php(44): require_once('D:\\laragon\\www\\masjidAlhikmah\\msj\\public\\index.php')
ERROR - 2024-12-08 11:44:54 --> mysqli_sql_exception: Table 'db_masjid.informasi_masjid' doesn't exist in D:\laragon\www\masjidAlhikmah\msj\system\Database\MySQLi\Connection.php:312
Stack trace:
#0 D:\laragon\www\masjidAlhikmah\msj\system\Database\MySQLi\Connection.php(312): mysqli->query()
#1 D:\laragon\www\masjidAlhikmah\msj\system\Database\BaseConnection.php(734): CodeIgniter\Database\MySQLi\Connection->execute()
#2 D:\laragon\www\masjidAlhikmah\msj\system\Database\BaseConnection.php(648): CodeIgniter\Database\BaseConnection->simpleQuery()
#3 D:\laragon\www\masjidAlhikmah\msj\app\Views\contentDb\headerdb.php(12): CodeIgniter\Database\BaseConnection->query()
#4 D:\laragon\www\masjidAlhikmah\msj\app\Views\index.php(2): include('...')
#5 D:\laragon\www\masjidAlhikmah\msj\system\View\View.php(234): include('...')
#6 D:\laragon\www\masjidAlhikmah\msj\system\View\View.php(237): CodeIgniter\View\View->CodeIgniter\View\{closure}()
#7 D:\laragon\www\masjidAlhikmah\msj\system\Common.php(1171): CodeIgniter\View\View->render()
#8 D:\laragon\www\masjidAlhikmah\msj\app\Controllers\pages.php(11): view()
#9 D:\laragon\www\masjidAlhikmah\msj\system\CodeIgniter.php(933): App\Controllers\Pages->index()
#10 D:\laragon\www\masjidAlhikmah\msj\system\CodeIgniter.php(509): CodeIgniter\CodeIgniter->runController()
#11 D:\laragon\www\masjidAlhikmah\msj\system\CodeIgniter.php(355): CodeIgniter\CodeIgniter->handleRequest()
#12 D:\laragon\www\masjidAlhikmah\msj\system\Boot.php(325): CodeIgniter\CodeIgniter->run()
#13 D:\laragon\www\masjidAlhikmah\msj\system\Boot.php(67): CodeIgniter\Boot::runCodeIgniter()
#14 D:\laragon\www\masjidAlhikmah\msj\public\index.php(56): CodeIgniter\Boot::bootWeb()
#15 D:\laragon\www\masjidAlhikmah\msj\system\rewrite.php(44): require_once('...')
#16 {main}
CRITICAL - 2024-12-08 11:44:54 --> CodeIgniter\Database\Exceptions\DatabaseException: Table 'db_masjid.informasi_masjid' doesn't exist
[Method: GET, Route: /]
in SYSTEMPATH\Database\BaseConnection.php on line 688.
 1 APPPATH\Views\contentDb\headerdb.php(12): CodeIgniter\Database\BaseConnection->query()
 2 APPPATH\Views\index.php(2): include('D:\\laragon\\www\\masjidAlhikmah\\msj\\app\\Views\\contentDb\\headerdb.php')
 3 SYSTEMPATH\View\View.php(234): include('D:\\laragon\\www\\masjidAlhikmah\\msj\\app\\Views\\index.php')
 4 SYSTEMPATH\View\View.php(237): CodeIgniter\View\View->CodeIgniter\View\{closure}()
 5 SYSTEMPATH\Common.php(1171): CodeIgniter\View\View->render()
 6 APPPATH\Controllers\pages.php(11): view()
 7 SYSTEMPATH\CodeIgniter.php(933): App\Controllers\Pages->index()
 8 SYSTEMPATH\CodeIgniter.php(509): CodeIgniter\CodeIgniter->runController()
 9 SYSTEMPATH\CodeIgniter.php(355): CodeIgniter\CodeIgniter->handleRequest()
10 SYSTEMPATH\Boot.php(325): CodeIgniter\CodeIgniter->run()
11 SYSTEMPATH\Boot.php(67): CodeIgniter\Boot::runCodeIgniter()
12 FCPATH\index.php(56): CodeIgniter\Boot::bootWeb()
13 SYSTEMPATH\rewrite.php(44): require_once('D:\\laragon\\www\\masjidAlhikmah\\msj\\public\\index.php')
CRITICAL - 2024-12-08 11:44:54 --> [Caused by] CodeIgniter\Database\Exceptions\DatabaseException: Table 'db_masjid.informasi_masjid' doesn't exist
in SYSTEMPATH\Database\MySQLi\Connection.php on line 317.
 1 SYSTEMPATH\Database\BaseConnection.php(734): CodeIgniter\Database\MySQLi\Connection->execute()
 2 SYSTEMPATH\Database\BaseConnection.php(648): CodeIgniter\Database\BaseConnection->simpleQuery()
 3 APPPATH\Views\contentDb\headerdb.php(12): CodeIgniter\Database\BaseConnection->query()
 4 APPPATH\Views\index.php(2): include('D:\\laragon\\www\\masjidAlhikmah\\msj\\app\\Views\\contentDb\\headerdb.php')
 5 SYSTEMPATH\View\View.php(234): include('D:\\laragon\\www\\masjidAlhikmah\\msj\\app\\Views\\index.php')
 6 SYSTEMPATH\View\View.php(237): CodeIgniter\View\View->CodeIgniter\View\{closure}()
 7 SYSTEMPATH\Common.php(1171): CodeIgniter\View\View->render()
 8 APPPATH\Controllers\pages.php(11): view()
 9 SYSTEMPATH\CodeIgniter.php(933): App\Controllers\Pages->index()
10 SYSTEMPATH\CodeIgniter.php(509): CodeIgniter\CodeIgniter->runController()
11 SYSTEMPATH\CodeIgniter.php(355): CodeIgniter\CodeIgniter->handleRequest()
12 SYSTEMPATH\Boot.php(325): CodeIgniter\CodeIgniter->run()
13 SYSTEMPATH\Boot.php(67): CodeIgniter\Boot::runCodeIgniter()
14 FCPATH\index.php(56): CodeIgniter\Boot::bootWeb()
15 SYSTEMPATH\rewrite.php(44): require_once('D:\\laragon\\www\\masjidAlhikmah\\msj\\public\\index.php')
CRITICAL - 2024-12-08 11:44:54 --> [Caused by] mysqli_sql_exception: Table 'db_masjid.informasi_masjid' doesn't exist
in SYSTEMPATH\Database\MySQLi\Connection.php on line 312.
 1 SYSTEMPATH\Database\MySQLi\Connection.php(312): mysqli->query()
 2 SYSTEMPATH\Database\BaseConnection.php(734): CodeIgniter\Database\MySQLi\Connection->execute()
 3 SYSTEMPATH\Database\BaseConnection.php(648): CodeIgniter\Database\BaseConnection->simpleQuery()
 4 APPPATH\Views\contentDb\headerdb.php(12): CodeIgniter\Database\BaseConnection->query()
 5 APPPATH\Views\index.php(2): include('D:\\laragon\\www\\masjidAlhikmah\\msj\\app\\Views\\contentDb\\headerdb.php')
 6 SYSTEMPATH\View\View.php(234): include('D:\\laragon\\www\\masjidAlhikmah\\msj\\app\\Views\\index.php')
 7 SYSTEMPATH\View\View.php(237): CodeIgniter\View\View->CodeIgniter\View\{closure}()
 8 SYSTEMPATH\Common.php(1171): CodeIgniter\View\View->render()
 9 APPPATH\Controllers\pages.php(11): view()
10 SYSTEMPATH\CodeIgniter.php(933): App\Controllers\Pages->index()
11 SYSTEMPATH\CodeIgniter.php(509): CodeIgniter\CodeIgniter->runController()
12 SYSTEMPATH\CodeIgniter.php(355): CodeIgniter\CodeIgniter->handleRequest()
13 SYSTEMPATH\Boot.php(325): CodeIgniter\CodeIgniter->run()
14 SYSTEMPATH\Boot.php(67): CodeIgniter\Boot::runCodeIgniter()
15 FCPATH\index.php(56): CodeIgniter\Boot::bootWeb()
16 SYSTEMPATH\rewrite.php(44): require_once('D:\\laragon\\www\\masjidAlhikmah\\msj\\public\\index.php')
INFO - 2024-12-08 11:54:04 --> Session: Class initialized using 'CodeIgniter\Session\Handlers\FileHandler' driver.
INFO - 2024-12-08 11:54:21 --> Session: Class initialized using 'CodeIgniter\Session\Handlers\FileHandler' driver.
INFO - 2024-12-08 11:54:22 --> Session: Class initialized using 'CodeIgniter\Session\Handlers\FileHandler' driver.
INFO - 2024-12-08 11:54:43 --> Session: Class initialized using 'CodeIgniter\Session\Handlers\FileHandler' driver.
INFO - 2024-12-08 11:54:50 --> Session: Class initialized using 'CodeIgniter\Session\Handlers\FileHandler' driver.
INFO - 2024-12-08 11:54:57 --> Session: Class initialized using 'CodeIgniter\Session\Handlers\FileHandler' driver.
INFO - 2024-12-08 11:55:10 --> Session: Class initialized using 'CodeIgniter\Session\Handlers\FileHandler' driver.
