CRITICAL - 2024-11-14 04:53:12 --> mysqli_sql_exception: No connection could be made because the target machine actively refused it
[Method: GET, Route: /]
in APPPATH\Views\index.php on line 9.
 1 APPPATH\Views\index.php(9): mysqli->__construct()
 2 SYSTEMPATH\View\View.php(234): include('D:\\laragon\\www\\masjidAlhikmah\\msj\\app\\Views\\index.php')
 3 SYSTEMPATH\View\View.php(237): CodeIgniter\View\View->CodeIgniter\View\{closure}()
 4 SYSTEMPATH\Common.php(1171): CodeIgniter\View\View->render()
 5 APPPATH\Controllers\pages.php(11): view()
 6 SYSTEMPATH\CodeIgniter.php(933): App\Controllers\Pages->index()
 7 SYSTEMPATH\CodeIgniter.php(509): CodeIgniter\CodeIgniter->runController()
 8 SYSTEMPATH\CodeIgniter.php(355): CodeIgniter\CodeIgniter->handleRequest()
 9 SYSTEMPATH\Boot.php(325): CodeIgniter\CodeIgniter->run()
10 SYSTEMPATH\Boot.php(67): CodeIgniter\Boot::runCodeIgniter()
11 FCPATH\index.php(56): CodeIgniter\Boot::bootWeb()
12 SYSTEMPATH\rewrite.php(44): require_once('D:\\laragon\\www\\masjidAlhikmah\\msj\\public\\index.php')
CRITICAL - 2024-11-14 04:55:59 --> mysqli_sql_exception: No connection could be made because the target machine actively refused it
[Method: GET, Route: /]
in APPPATH\Views\index.php on line 9.
 1 APPPATH\Views\index.php(9): mysqli->__construct()
 2 SYSTEMPATH\View\View.php(234): include('D:\\laragon\\www\\masjidAlhikmah\\msj\\app\\Views\\index.php')
 3 SYSTEMPATH\View\View.php(237): CodeIgniter\View\View->CodeIgniter\View\{closure}()
 4 SYSTEMPATH\Common.php(1171): CodeIgniter\View\View->render()
 5 APPPATH\Controllers\pages.php(11): view()
 6 SYSTEMPATH\CodeIgniter.php(933): App\Controllers\Pages->index()
 7 SYSTEMPATH\CodeIgniter.php(509): CodeIgniter\CodeIgniter->runController()
 8 SYSTEMPATH\CodeIgniter.php(355): CodeIgniter\CodeIgniter->handleRequest()
 9 SYSTEMPATH\Boot.php(325): CodeIgniter\CodeIgniter->run()
10 SYSTEMPATH\Boot.php(67): CodeIgniter\Boot::runCodeIgniter()
11 FCPATH\index.php(56): CodeIgniter\Boot::bootWeb()
12 SYSTEMPATH\rewrite.php(44): require_once('D:\\laragon\\www\\masjidAlhikmah\\msj\\public\\index.php')
INFO - 2024-11-14 06:48:53 --> Session: Class initialized using 'CodeIgniter\Session\Handlers\FileHandler' driver.
INFO - 2024-11-14 06:55:24 --> Session: Class initialized using 'CodeIgniter\Session\Handlers\FileHandler' driver.
INFO - 2024-11-14 06:55:33 --> Session: Class initialized using 'CodeIgniter\Session\Handlers\FileHandler' driver.
INFO - 2024-11-14 06:55:33 --> Session: Class initialized using 'CodeIgniter\Session\Handlers\FileHandler' driver.
INFO - 2024-11-14 06:55:41 --> Session: Class initialized using 'CodeIgniter\Session\Handlers\FileHandler' driver.
INFO - 2024-11-14 06:56:01 --> Session: Class initialized using 'CodeIgniter\Session\Handlers\FileHandler' driver.
INFO - 2024-11-14 06:56:03 --> Session: Class initialized using 'CodeIgniter\Session\Handlers\FileHandler' driver.
INFO - 2024-11-14 06:56:08 --> Session: Class initialized using 'CodeIgniter\Session\Handlers\FileHandler' driver.
INFO - 2024-11-14 07:02:34 --> Session: Class initialized using 'CodeIgniter\Session\Handlers\FileHandler' driver.
INFO - 2024-11-14 07:13:41 --> Session: Class initialized using 'CodeIgniter\Session\Handlers\FileHandler' driver.
INFO - 2024-11-14 07:13:46 --> Session: Class initialized using 'CodeIgniter\Session\Handlers\FileHandler' driver.
INFO - 2024-11-14 07:13:52 --> Session: Class initialized using 'CodeIgniter\Session\Handlers\FileHandler' driver.
INFO - 2024-11-14 07:13:54 --> Session: Class initialized using 'CodeIgniter\Session\Handlers\FileHandler' driver.
INFO - 2024-11-14 07:14:03 --> Session: Class initialized using 'CodeIgniter\Session\Handlers\FileHandler' driver.
INFO - 2024-11-14 07:14:04 --> Session: Class initialized using 'CodeIgniter\Session\Handlers\FileHandler' driver.
INFO - 2024-11-14 07:14:16 --> Session: Class initialized using 'CodeIgniter\Session\Handlers\FileHandler' driver.
INFO - 2024-11-14 07:14:24 --> Session: Class initialized using 'CodeIgniter\Session\Handlers\FileHandler' driver.
INFO - 2024-11-14 07:14:25 --> Session: Class initialized using 'CodeIgniter\Session\Handlers\FileHandler' driver.
INFO - 2024-11-14 07:33:19 --> Session: Class initialized using 'CodeIgniter\Session\Handlers\FileHandler' driver.
INFO - 2024-11-14 07:47:54 --> Session: Class initialized using 'CodeIgniter\Session\Handlers\FileHandler' driver.
INFO - 2024-11-14 08:07:14 --> Session: Class initialized using 'CodeIgniter\Session\Handlers\FileHandler' driver.
INFO - 2024-11-14 08:09:31 --> Session: Class initialized using 'CodeIgniter\Session\Handlers\FileHandler' driver.
INFO - 2024-11-14 08:09:41 --> Session: Class initialized using 'CodeIgniter\Session\Handlers\FileHandler' driver.
INFO - 2024-11-14 08:10:20 --> Session: Class initialized using 'CodeIgniter\Session\Handlers\FileHandler' driver.
INFO - 2024-11-14 08:11:57 --> Session: Class initialized using 'CodeIgniter\Session\Handlers\FileHandler' driver.
INFO - 2024-11-14 08:12:47 --> Session: Class initialized using 'CodeIgniter\Session\Handlers\FileHandler' driver.
INFO - 2024-11-14 08:12:51 --> Session: Class initialized using 'CodeIgniter\Session\Handlers\FileHandler' driver.
INFO - 2024-11-14 08:14:19 --> Session: Class initialized using 'CodeIgniter\Session\Handlers\FileHandler' driver.
INFO - 2024-11-14 08:15:22 --> Session: Class initialized using 'CodeIgniter\Session\Handlers\FileHandler' driver.
INFO - 2024-11-14 08:15:26 --> Session: Class initialized using 'CodeIgniter\Session\Handlers\FileHandler' driver.
INFO - 2024-11-14 08:15:43 --> Session: Class initialized using 'CodeIgniter\Session\Handlers\FileHandler' driver.
CRITICAL - 2024-11-14 08:16:35 --> ErrorException: Undefined variable $cityName
[Method: GET, Route: admin/jadwal-sholat]
in APPPATH\Views\admin\dashboardjadwalsholat.php on line 61.
 1 APPPATH\Views\admin\dashboardjadwalsholat.php(61): CodeIgniter\Debug\Exceptions->errorHandler()
 2 SYSTEMPATH\View\View.php(234): include('D:\\laragon\\www\\masjidAlhikmah\\msj\\app\\Views\\admin\\dashboardjadwalsholat.php')
 3 SYSTEMPATH\View\View.php(237): CodeIgniter\View\View->CodeIgniter\View\{closure}()
 4 SYSTEMPATH\Common.php(1171): CodeIgniter\View\View->render()
 5 APPPATH\Controllers\JadwalSholatController.php(15): view()
 6 SYSTEMPATH\CodeIgniter.php(933): App\Controllers\JadwalSholatController->index()
 7 SYSTEMPATH\CodeIgniter.php(509): CodeIgniter\CodeIgniter->runController()
 8 SYSTEMPATH\CodeIgniter.php(355): CodeIgniter\CodeIgniter->handleRequest()
 9 SYSTEMPATH\Boot.php(325): CodeIgniter\CodeIgniter->run()
10 SYSTEMPATH\Boot.php(67): CodeIgniter\Boot::runCodeIgniter()
11 FCPATH\index.php(56): CodeIgniter\Boot::bootWeb()
12 SYSTEMPATH\rewrite.php(44): require_once('D:\\laragon\\www\\masjidAlhikmah\\msj\\public\\index.php')
CRITICAL - 2024-11-14 08:16:50 --> ErrorException: Undefined variable $cityName
[Method: GET, Route: admin/jadwal-sholat]
in APPPATH\Views\admin\dashboardjadwalsholat.php on line 61.
 1 APPPATH\Views\admin\dashboardjadwalsholat.php(61): CodeIgniter\Debug\Exceptions->errorHandler()
 2 SYSTEMPATH\View\View.php(234): include('D:\\laragon\\www\\masjidAlhikmah\\msj\\app\\Views\\admin\\dashboardjadwalsholat.php')
 3 SYSTEMPATH\View\View.php(237): CodeIgniter\View\View->CodeIgniter\View\{closure}()
 4 SYSTEMPATH\Common.php(1171): CodeIgniter\View\View->render()
 5 APPPATH\Controllers\JadwalSholatController.php(15): view()
 6 SYSTEMPATH\CodeIgniter.php(933): App\Controllers\JadwalSholatController->index()
 7 SYSTEMPATH\CodeIgniter.php(509): CodeIgniter\CodeIgniter->runController()
 8 SYSTEMPATH\CodeIgniter.php(355): CodeIgniter\CodeIgniter->handleRequest()
 9 SYSTEMPATH\Boot.php(325): CodeIgniter\CodeIgniter->run()
10 SYSTEMPATH\Boot.php(67): CodeIgniter\Boot::runCodeIgniter()
11 FCPATH\index.php(56): CodeIgniter\Boot::bootWeb()
12 SYSTEMPATH\rewrite.php(44): require_once('D:\\laragon\\www\\masjidAlhikmah\\msj\\public\\index.php')
CRITICAL - 2024-11-14 08:16:52 --> ErrorException: Undefined variable $cityName
[Method: GET, Route: admin/jadwal-sholat]
in APPPATH\Views\admin\dashboardjadwalsholat.php on line 61.
 1 APPPATH\Views\admin\dashboardjadwalsholat.php(61): CodeIgniter\Debug\Exceptions->errorHandler()
 2 SYSTEMPATH\View\View.php(234): include('D:\\laragon\\www\\masjidAlhikmah\\msj\\app\\Views\\admin\\dashboardjadwalsholat.php')
 3 SYSTEMPATH\View\View.php(237): CodeIgniter\View\View->CodeIgniter\View\{closure}()
 4 SYSTEMPATH\Common.php(1171): CodeIgniter\View\View->render()
 5 APPPATH\Controllers\JadwalSholatController.php(15): view()
 6 SYSTEMPATH\CodeIgniter.php(933): App\Controllers\JadwalSholatController->index()
 7 SYSTEMPATH\CodeIgniter.php(509): CodeIgniter\CodeIgniter->runController()
 8 SYSTEMPATH\CodeIgniter.php(355): CodeIgniter\CodeIgniter->handleRequest()
 9 SYSTEMPATH\Boot.php(325): CodeIgniter\CodeIgniter->run()
10 SYSTEMPATH\Boot.php(67): CodeIgniter\Boot::runCodeIgniter()
11 FCPATH\index.php(56): CodeIgniter\Boot::bootWeb()
12 SYSTEMPATH\rewrite.php(44): require_once('D:\\laragon\\www\\masjidAlhikmah\\msj\\public\\index.php')
INFO - 2024-11-14 08:17:15 --> Session: Class initialized using 'CodeIgniter\Session\Handlers\FileHandler' driver.
INFO - 2024-11-14 08:17:22 --> Session: Class initialized using 'CodeIgniter\Session\Handlers\FileHandler' driver.
INFO - 2024-11-14 08:17:24 --> Session: Class initialized using 'CodeIgniter\Session\Handlers\FileHandler' driver.
INFO - 2024-11-14 08:17:26 --> Session: Class initialized using 'CodeIgniter\Session\Handlers\FileHandler' driver.
INFO - 2024-11-14 08:23:24 --> Session: Class initialized using 'CodeIgniter\Session\Handlers\FileHandler' driver.
INFO - 2024-11-14 08:23:26 --> Session: Class initialized using 'CodeIgniter\Session\Handlers\FileHandler' driver.
INFO - 2024-11-14 08:23:31 --> Session: Class initialized using 'CodeIgniter\Session\Handlers\FileHandler' driver.
INFO - 2024-11-14 08:24:35 --> Session: Class initialized using 'CodeIgniter\Session\Handlers\FileHandler' driver.
INFO - 2024-11-14 08:24:40 --> Session: Class initialized using 'CodeIgniter\Session\Handlers\FileHandler' driver.
INFO - 2024-11-14 08:25:12 --> Session: Class initialized using 'CodeIgniter\Session\Handlers\FileHandler' driver.
CRITICAL - 2024-11-14 08:25:16 --> ErrorException: Undefined variable $cityName
[Method: GET, Route: dashboardjadwalsholat]
in APPPATH\Views\admin\dashboardjadwalsholat.php on line 61.
 1 APPPATH\Views\admin\dashboardjadwalsholat.php(61): CodeIgniter\Debug\Exceptions->errorHandler()
 2 SYSTEMPATH\View\View.php(234): include('D:\\laragon\\www\\masjidAlhikmah\\msj\\app\\Views\\admin\\dashboardjadwalsholat.php')
 3 SYSTEMPATH\View\View.php(237): CodeIgniter\View\View->CodeIgniter\View\{closure}()
 4 SYSTEMPATH\Common.php(1171): CodeIgniter\View\View->render()
 5 APPPATH\Controllers\JadwalSholatController.php(15): view()
 6 SYSTEMPATH\CodeIgniter.php(933): App\Controllers\JadwalSholatController->index()
 7 SYSTEMPATH\CodeIgniter.php(509): CodeIgniter\CodeIgniter->runController()
 8 SYSTEMPATH\CodeIgniter.php(355): CodeIgniter\CodeIgniter->handleRequest()
 9 SYSTEMPATH\Boot.php(325): CodeIgniter\CodeIgniter->run()
10 SYSTEMPATH\Boot.php(67): CodeIgniter\Boot::runCodeIgniter()
11 FCPATH\index.php(56): CodeIgniter\Boot::bootWeb()
12 SYSTEMPATH\rewrite.php(44): require_once('D:\\laragon\\www\\masjidAlhikmah\\msj\\public\\index.php')
CRITICAL - 2024-11-14 08:29:17 --> ErrorException: Undefined variable $cityName
[Method: GET, Route: dashboardjadwalsholat]
in APPPATH\Views\admin\dashboardjadwalsholat.php on line 61.
 1 APPPATH\Views\admin\dashboardjadwalsholat.php(61): CodeIgniter\Debug\Exceptions->errorHandler()
 2 SYSTEMPATH\View\View.php(234): include('D:\\laragon\\www\\masjidAlhikmah\\msj\\app\\Views\\admin\\dashboardjadwalsholat.php')
 3 SYSTEMPATH\View\View.php(237): CodeIgniter\View\View->CodeIgniter\View\{closure}()
 4 SYSTEMPATH\Common.php(1171): CodeIgniter\View\View->render()
 5 APPPATH\Controllers\JadwalSholatController.php(19): view()
 6 SYSTEMPATH\CodeIgniter.php(933): App\Controllers\JadwalSholatController->index()
 7 SYSTEMPATH\CodeIgniter.php(509): CodeIgniter\CodeIgniter->runController()
 8 SYSTEMPATH\CodeIgniter.php(355): CodeIgniter\CodeIgniter->handleRequest()
 9 SYSTEMPATH\Boot.php(325): CodeIgniter\CodeIgniter->run()
10 SYSTEMPATH\Boot.php(67): CodeIgniter\Boot::runCodeIgniter()
11 FCPATH\index.php(56): CodeIgniter\Boot::bootWeb()
12 SYSTEMPATH\rewrite.php(44): require_once('D:\\laragon\\www\\masjidAlhikmah\\msj\\public\\index.php')
CRITICAL - 2024-11-14 08:29:20 --> ErrorException: Undefined variable $cityName
[Method: GET, Route: dashboardjadwalsholat]
in APPPATH\Views\admin\dashboardjadwalsholat.php on line 61.
 1 APPPATH\Views\admin\dashboardjadwalsholat.php(61): CodeIgniter\Debug\Exceptions->errorHandler()
 2 SYSTEMPATH\View\View.php(234): include('D:\\laragon\\www\\masjidAlhikmah\\msj\\app\\Views\\admin\\dashboardjadwalsholat.php')
 3 SYSTEMPATH\View\View.php(237): CodeIgniter\View\View->CodeIgniter\View\{closure}()
 4 SYSTEMPATH\Common.php(1171): CodeIgniter\View\View->render()
 5 APPPATH\Controllers\JadwalSholatController.php(19): view()
 6 SYSTEMPATH\CodeIgniter.php(933): App\Controllers\JadwalSholatController->index()
 7 SYSTEMPATH\CodeIgniter.php(509): CodeIgniter\CodeIgniter->runController()
 8 SYSTEMPATH\CodeIgniter.php(355): CodeIgniter\CodeIgniter->handleRequest()
 9 SYSTEMPATH\Boot.php(325): CodeIgniter\CodeIgniter->run()
10 SYSTEMPATH\Boot.php(67): CodeIgniter\Boot::runCodeIgniter()
11 FCPATH\index.php(56): CodeIgniter\Boot::bootWeb()
12 SYSTEMPATH\rewrite.php(44): require_once('D:\\laragon\\www\\masjidAlhikmah\\msj\\public\\index.php')
CRITICAL - 2024-11-14 08:29:22 --> ErrorException: Undefined variable $cityName
[Method: GET, Route: dashboardjadwalsholat]
in APPPATH\Views\admin\dashboardjadwalsholat.php on line 61.
 1 APPPATH\Views\admin\dashboardjadwalsholat.php(61): CodeIgniter\Debug\Exceptions->errorHandler()
 2 SYSTEMPATH\View\View.php(234): include('D:\\laragon\\www\\masjidAlhikmah\\msj\\app\\Views\\admin\\dashboardjadwalsholat.php')
 3 SYSTEMPATH\View\View.php(237): CodeIgniter\View\View->CodeIgniter\View\{closure}()
 4 SYSTEMPATH\Common.php(1171): CodeIgniter\View\View->render()
 5 APPPATH\Controllers\JadwalSholatController.php(19): view()
 6 SYSTEMPATH\CodeIgniter.php(933): App\Controllers\JadwalSholatController->index()
 7 SYSTEMPATH\CodeIgniter.php(509): CodeIgniter\CodeIgniter->runController()
 8 SYSTEMPATH\CodeIgniter.php(355): CodeIgniter\CodeIgniter->handleRequest()
 9 SYSTEMPATH\Boot.php(325): CodeIgniter\CodeIgniter->run()
10 SYSTEMPATH\Boot.php(67): CodeIgniter\Boot::runCodeIgniter()
11 FCPATH\index.php(56): CodeIgniter\Boot::bootWeb()
12 SYSTEMPATH\rewrite.php(44): require_once('D:\\laragon\\www\\masjidAlhikmah\\msj\\public\\index.php')
CRITICAL - 2024-11-14 08:30:41 --> ErrorException: Undefined variable $cityName
[Method: GET, Route: dashboardjadwalsholat]
in APPPATH\Views\admin\dashboardjadwalsholat.php on line 61.
 1 APPPATH\Views\admin\dashboardjadwalsholat.php(61): CodeIgniter\Debug\Exceptions->errorHandler()
 2 SYSTEMPATH\View\View.php(234): include('D:\\laragon\\www\\masjidAlhikmah\\msj\\app\\Views\\admin\\dashboardjadwalsholat.php')
 3 SYSTEMPATH\View\View.php(237): CodeIgniter\View\View->CodeIgniter\View\{closure}()
 4 SYSTEMPATH\Common.php(1171): CodeIgniter\View\View->render()
 5 APPPATH\Controllers\JadwalSholatController.php(19): view()
 6 SYSTEMPATH\CodeIgniter.php(933): App\Controllers\JadwalSholatController->index()
 7 SYSTEMPATH\CodeIgniter.php(509): CodeIgniter\CodeIgniter->runController()
 8 SYSTEMPATH\CodeIgniter.php(355): CodeIgniter\CodeIgniter->handleRequest()
 9 SYSTEMPATH\Boot.php(325): CodeIgniter\CodeIgniter->run()
10 SYSTEMPATH\Boot.php(67): CodeIgniter\Boot::runCodeIgniter()
11 FCPATH\index.php(56): CodeIgniter\Boot::bootWeb()
12 SYSTEMPATH\rewrite.php(44): require_once('D:\\laragon\\www\\masjidAlhikmah\\msj\\public\\index.php')
CRITICAL - 2024-11-14 08:31:11 --> ErrorException: Undefined variable $cityName
[Method: GET, Route: dashboardjadwalsholat]
in APPPATH\Views\admin\dashboardjadwalsholat.php on line 61.
 1 APPPATH\Views\admin\dashboardjadwalsholat.php(61): CodeIgniter\Debug\Exceptions->errorHandler()
 2 SYSTEMPATH\View\View.php(234): include('D:\\laragon\\www\\masjidAlhikmah\\msj\\app\\Views\\admin\\dashboardjadwalsholat.php')
 3 SYSTEMPATH\View\View.php(237): CodeIgniter\View\View->CodeIgniter\View\{closure}()
 4 SYSTEMPATH\Common.php(1171): CodeIgniter\View\View->render()
 5 APPPATH\Controllers\JadwalSholatController.php(19): view()
 6 SYSTEMPATH\CodeIgniter.php(933): App\Controllers\JadwalSholatController->index()
 7 SYSTEMPATH\CodeIgniter.php(509): CodeIgniter\CodeIgniter->runController()
 8 SYSTEMPATH\CodeIgniter.php(355): CodeIgniter\CodeIgniter->handleRequest()
 9 SYSTEMPATH\Boot.php(325): CodeIgniter\CodeIgniter->run()
10 SYSTEMPATH\Boot.php(67): CodeIgniter\Boot::runCodeIgniter()
11 FCPATH\index.php(56): CodeIgniter\Boot::bootWeb()
12 SYSTEMPATH\rewrite.php(44): require_once('D:\\laragon\\www\\masjidAlhikmah\\msj\\public\\index.php')
CRITICAL - 2024-11-14 08:31:11 --> ErrorException: Undefined variable $cityName
[Method: GET, Route: dashboardjadwalsholat]
in APPPATH\Views\admin\dashboardjadwalsholat.php on line 61.
 1 APPPATH\Views\admin\dashboardjadwalsholat.php(61): CodeIgniter\Debug\Exceptions->errorHandler()
 2 SYSTEMPATH\View\View.php(234): include('D:\\laragon\\www\\masjidAlhikmah\\msj\\app\\Views\\admin\\dashboardjadwalsholat.php')
 3 SYSTEMPATH\View\View.php(237): CodeIgniter\View\View->CodeIgniter\View\{closure}()
 4 SYSTEMPATH\Common.php(1171): CodeIgniter\View\View->render()
 5 APPPATH\Controllers\JadwalSholatController.php(19): view()
 6 SYSTEMPATH\CodeIgniter.php(933): App\Controllers\JadwalSholatController->index()
 7 SYSTEMPATH\CodeIgniter.php(509): CodeIgniter\CodeIgniter->runController()
 8 SYSTEMPATH\CodeIgniter.php(355): CodeIgniter\CodeIgniter->handleRequest()
 9 SYSTEMPATH\Boot.php(325): CodeIgniter\CodeIgniter->run()
10 SYSTEMPATH\Boot.php(67): CodeIgniter\Boot::runCodeIgniter()
11 FCPATH\index.php(56): CodeIgniter\Boot::bootWeb()
12 SYSTEMPATH\rewrite.php(44): require_once('D:\\laragon\\www\\masjidAlhikmah\\msj\\public\\index.php')
CRITICAL - 2024-11-14 08:31:11 --> ErrorException: Undefined variable $cityName
[Method: GET, Route: dashboardjadwalsholat]
in APPPATH\Views\admin\dashboardjadwalsholat.php on line 61.
 1 APPPATH\Views\admin\dashboardjadwalsholat.php(61): CodeIgniter\Debug\Exceptions->errorHandler()
 2 SYSTEMPATH\View\View.php(234): include('D:\\laragon\\www\\masjidAlhikmah\\msj\\app\\Views\\admin\\dashboardjadwalsholat.php')
 3 SYSTEMPATH\View\View.php(237): CodeIgniter\View\View->CodeIgniter\View\{closure}()
 4 SYSTEMPATH\Common.php(1171): CodeIgniter\View\View->render()
 5 APPPATH\Controllers\JadwalSholatController.php(19): view()
 6 SYSTEMPATH\CodeIgniter.php(933): App\Controllers\JadwalSholatController->index()
 7 SYSTEMPATH\CodeIgniter.php(509): CodeIgniter\CodeIgniter->runController()
 8 SYSTEMPATH\CodeIgniter.php(355): CodeIgniter\CodeIgniter->handleRequest()
 9 SYSTEMPATH\Boot.php(325): CodeIgniter\CodeIgniter->run()
10 SYSTEMPATH\Boot.php(67): CodeIgniter\Boot::runCodeIgniter()
11 FCPATH\index.php(56): CodeIgniter\Boot::bootWeb()
12 SYSTEMPATH\rewrite.php(44): require_once('D:\\laragon\\www\\masjidAlhikmah\\msj\\public\\index.php')
CRITICAL - 2024-11-14 08:31:12 --> ErrorException: Undefined variable $cityName
[Method: GET, Route: dashboardjadwalsholat]
in APPPATH\Views\admin\dashboardjadwalsholat.php on line 61.
 1 APPPATH\Views\admin\dashboardjadwalsholat.php(61): CodeIgniter\Debug\Exceptions->errorHandler()
 2 SYSTEMPATH\View\View.php(234): include('D:\\laragon\\www\\masjidAlhikmah\\msj\\app\\Views\\admin\\dashboardjadwalsholat.php')
 3 SYSTEMPATH\View\View.php(237): CodeIgniter\View\View->CodeIgniter\View\{closure}()
 4 SYSTEMPATH\Common.php(1171): CodeIgniter\View\View->render()
 5 APPPATH\Controllers\JadwalSholatController.php(19): view()
 6 SYSTEMPATH\CodeIgniter.php(933): App\Controllers\JadwalSholatController->index()
 7 SYSTEMPATH\CodeIgniter.php(509): CodeIgniter\CodeIgniter->runController()
 8 SYSTEMPATH\CodeIgniter.php(355): CodeIgniter\CodeIgniter->handleRequest()
 9 SYSTEMPATH\Boot.php(325): CodeIgniter\CodeIgniter->run()
10 SYSTEMPATH\Boot.php(67): CodeIgniter\Boot::runCodeIgniter()
11 FCPATH\index.php(56): CodeIgniter\Boot::bootWeb()
12 SYSTEMPATH\rewrite.php(44): require_once('D:\\laragon\\www\\masjidAlhikmah\\msj\\public\\index.php')
CRITICAL - 2024-11-14 08:31:12 --> ErrorException: Undefined variable $cityName
[Method: GET, Route: dashboardjadwalsholat]
in APPPATH\Views\admin\dashboardjadwalsholat.php on line 61.
 1 APPPATH\Views\admin\dashboardjadwalsholat.php(61): CodeIgniter\Debug\Exceptions->errorHandler()
 2 SYSTEMPATH\View\View.php(234): include('D:\\laragon\\www\\masjidAlhikmah\\msj\\app\\Views\\admin\\dashboardjadwalsholat.php')
 3 SYSTEMPATH\View\View.php(237): CodeIgniter\View\View->CodeIgniter\View\{closure}()
 4 SYSTEMPATH\Common.php(1171): CodeIgniter\View\View->render()
 5 APPPATH\Controllers\JadwalSholatController.php(19): view()
 6 SYSTEMPATH\CodeIgniter.php(933): App\Controllers\JadwalSholatController->index()
 7 SYSTEMPATH\CodeIgniter.php(509): CodeIgniter\CodeIgniter->runController()
 8 SYSTEMPATH\CodeIgniter.php(355): CodeIgniter\CodeIgniter->handleRequest()
 9 SYSTEMPATH\Boot.php(325): CodeIgniter\CodeIgniter->run()
10 SYSTEMPATH\Boot.php(67): CodeIgniter\Boot::runCodeIgniter()
11 FCPATH\index.php(56): CodeIgniter\Boot::bootWeb()
12 SYSTEMPATH\rewrite.php(44): require_once('D:\\laragon\\www\\masjidAlhikmah\\msj\\public\\index.php')
CRITICAL - 2024-11-14 08:31:12 --> ErrorException: Undefined variable $cityName
[Method: GET, Route: dashboardjadwalsholat]
in APPPATH\Views\admin\dashboardjadwalsholat.php on line 61.
 1 APPPATH\Views\admin\dashboardjadwalsholat.php(61): CodeIgniter\Debug\Exceptions->errorHandler()
 2 SYSTEMPATH\View\View.php(234): include('D:\\laragon\\www\\masjidAlhikmah\\msj\\app\\Views\\admin\\dashboardjadwalsholat.php')
 3 SYSTEMPATH\View\View.php(237): CodeIgniter\View\View->CodeIgniter\View\{closure}()
 4 SYSTEMPATH\Common.php(1171): CodeIgniter\View\View->render()
 5 APPPATH\Controllers\JadwalSholatController.php(19): view()
 6 SYSTEMPATH\CodeIgniter.php(933): App\Controllers\JadwalSholatController->index()
 7 SYSTEMPATH\CodeIgniter.php(509): CodeIgniter\CodeIgniter->runController()
 8 SYSTEMPATH\CodeIgniter.php(355): CodeIgniter\CodeIgniter->handleRequest()
 9 SYSTEMPATH\Boot.php(325): CodeIgniter\CodeIgniter->run()
10 SYSTEMPATH\Boot.php(67): CodeIgniter\Boot::runCodeIgniter()
11 FCPATH\index.php(56): CodeIgniter\Boot::bootWeb()
12 SYSTEMPATH\rewrite.php(44): require_once('D:\\laragon\\www\\masjidAlhikmah\\msj\\public\\index.php')
CRITICAL - 2024-11-14 08:31:12 --> ErrorException: Undefined variable $cityName
[Method: GET, Route: dashboardjadwalsholat]
in APPPATH\Views\admin\dashboardjadwalsholat.php on line 61.
 1 APPPATH\Views\admin\dashboardjadwalsholat.php(61): CodeIgniter\Debug\Exceptions->errorHandler()
 2 SYSTEMPATH\View\View.php(234): include('D:\\laragon\\www\\masjidAlhikmah\\msj\\app\\Views\\admin\\dashboardjadwalsholat.php')
 3 SYSTEMPATH\View\View.php(237): CodeIgniter\View\View->CodeIgniter\View\{closure}()
 4 SYSTEMPATH\Common.php(1171): CodeIgniter\View\View->render()
 5 APPPATH\Controllers\JadwalSholatController.php(19): view()
 6 SYSTEMPATH\CodeIgniter.php(933): App\Controllers\JadwalSholatController->index()
 7 SYSTEMPATH\CodeIgniter.php(509): CodeIgniter\CodeIgniter->runController()
 8 SYSTEMPATH\CodeIgniter.php(355): CodeIgniter\CodeIgniter->handleRequest()
 9 SYSTEMPATH\Boot.php(325): CodeIgniter\CodeIgniter->run()
10 SYSTEMPATH\Boot.php(67): CodeIgniter\Boot::runCodeIgniter()
11 FCPATH\index.php(56): CodeIgniter\Boot::bootWeb()
12 SYSTEMPATH\rewrite.php(44): require_once('D:\\laragon\\www\\masjidAlhikmah\\msj\\public\\index.php')
CRITICAL - 2024-11-14 08:31:12 --> ErrorException: Undefined variable $cityName
[Method: GET, Route: dashboardjadwalsholat]
in APPPATH\Views\admin\dashboardjadwalsholat.php on line 61.
 1 APPPATH\Views\admin\dashboardjadwalsholat.php(61): CodeIgniter\Debug\Exceptions->errorHandler()
 2 SYSTEMPATH\View\View.php(234): include('D:\\laragon\\www\\masjidAlhikmah\\msj\\app\\Views\\admin\\dashboardjadwalsholat.php')
 3 SYSTEMPATH\View\View.php(237): CodeIgniter\View\View->CodeIgniter\View\{closure}()
 4 SYSTEMPATH\Common.php(1171): CodeIgniter\View\View->render()
 5 APPPATH\Controllers\JadwalSholatController.php(19): view()
 6 SYSTEMPATH\CodeIgniter.php(933): App\Controllers\JadwalSholatController->index()
 7 SYSTEMPATH\CodeIgniter.php(509): CodeIgniter\CodeIgniter->runController()
 8 SYSTEMPATH\CodeIgniter.php(355): CodeIgniter\CodeIgniter->handleRequest()
 9 SYSTEMPATH\Boot.php(325): CodeIgniter\CodeIgniter->run()
10 SYSTEMPATH\Boot.php(67): CodeIgniter\Boot::runCodeIgniter()
11 FCPATH\index.php(56): CodeIgniter\Boot::bootWeb()
12 SYSTEMPATH\rewrite.php(44): require_once('D:\\laragon\\www\\masjidAlhikmah\\msj\\public\\index.php')
CRITICAL - 2024-11-14 08:31:13 --> ErrorException: Undefined variable $cityName
[Method: GET, Route: dashboardjadwalsholat]
in APPPATH\Views\admin\dashboardjadwalsholat.php on line 61.
 1 APPPATH\Views\admin\dashboardjadwalsholat.php(61): CodeIgniter\Debug\Exceptions->errorHandler()
 2 SYSTEMPATH\View\View.php(234): include('D:\\laragon\\www\\masjidAlhikmah\\msj\\app\\Views\\admin\\dashboardjadwalsholat.php')
 3 SYSTEMPATH\View\View.php(237): CodeIgniter\View\View->CodeIgniter\View\{closure}()
 4 SYSTEMPATH\Common.php(1171): CodeIgniter\View\View->render()
 5 APPPATH\Controllers\JadwalSholatController.php(19): view()
 6 SYSTEMPATH\CodeIgniter.php(933): App\Controllers\JadwalSholatController->index()
 7 SYSTEMPATH\CodeIgniter.php(509): CodeIgniter\CodeIgniter->runController()
 8 SYSTEMPATH\CodeIgniter.php(355): CodeIgniter\CodeIgniter->handleRequest()
 9 SYSTEMPATH\Boot.php(325): CodeIgniter\CodeIgniter->run()
10 SYSTEMPATH\Boot.php(67): CodeIgniter\Boot::runCodeIgniter()
11 FCPATH\index.php(56): CodeIgniter\Boot::bootWeb()
12 SYSTEMPATH\rewrite.php(44): require_once('D:\\laragon\\www\\masjidAlhikmah\\msj\\public\\index.php')
CRITICAL - 2024-11-14 08:51:33 --> ArgumentCountError: Too few arguments to function App\Controllers\JadwalSholatController::fetchJadwal(), 0 passed in D:\laragon\www\masjidAlhikmah\msj\system\CodeIgniter.php on line 933 and exactly 3 expected
[Method: POST, Route: dashboardjadwalsholat/update]
in APPPATH\Controllers\JadwalSholatController.php on line 31.
 1 SYSTEMPATH\CodeIgniter.php(933): App\Controllers\JadwalSholatController->fetchJadwal()
 2 SYSTEMPATH\CodeIgniter.php(509): CodeIgniter\CodeIgniter->runController()
 3 SYSTEMPATH\CodeIgniter.php(355): CodeIgniter\CodeIgniter->handleRequest()
 4 SYSTEMPATH\Boot.php(325): CodeIgniter\CodeIgniter->run()
 5 SYSTEMPATH\Boot.php(67): CodeIgniter\Boot::runCodeIgniter()
 6 FCPATH\index.php(56): CodeIgniter\Boot::bootWeb()
 7 SYSTEMPATH\rewrite.php(44): require_once('D:\\laragon\\www\\masjidAlhikmah\\msj\\public\\index.php')
CRITICAL - 2024-11-14 09:09:18 --> CodeIgniter\HTTP\Exceptions\HTTPException: 60 : SSL certificate problem: unable to get local issuer certificate
[Method: GET, Route: dashboardjadwalsholat]
in SYSTEMPATH\HTTP\CURLRequest.php on line 694.
 1 SYSTEMPATH\HTTP\CURLRequest.php(694): CodeIgniter\HTTP\Exceptions\HTTPException::forCurlError()
 2 SYSTEMPATH\HTTP\CURLRequest.php(383): CodeIgniter\HTTP\CURLRequest->sendRequest()
 3 SYSTEMPATH\HTTP\CURLRequest.php(152): CodeIgniter\HTTP\CURLRequest->send()
 4 SYSTEMPATH\HTTP\CURLRequest.php(187): CodeIgniter\HTTP\CURLRequest->request()
 5 APPPATH\Controllers\JadwalSholatController.php(31): CodeIgniter\HTTP\CURLRequest->get()
 6 APPPATH\Controllers\JadwalSholatController.php(15): App\Controllers\JadwalSholatController->fetchKota()
 7 SYSTEMPATH\CodeIgniter.php(933): App\Controllers\JadwalSholatController->index()
 8 SYSTEMPATH\CodeIgniter.php(509): CodeIgniter\CodeIgniter->runController()
 9 SYSTEMPATH\CodeIgniter.php(355): CodeIgniter\CodeIgniter->handleRequest()
10 SYSTEMPATH\Boot.php(325): CodeIgniter\CodeIgniter->run()
11 SYSTEMPATH\Boot.php(67): CodeIgniter\Boot::runCodeIgniter()
12 FCPATH\index.php(56): CodeIgniter\Boot::bootWeb()
13 SYSTEMPATH\rewrite.php(44): require_once('D:\\laragon\\www\\masjidAlhikmah\\msj\\public\\index.php')
CRITICAL - 2024-11-14 09:12:23 --> CodeIgniter\HTTP\Exceptions\HTTPException: 60 : SSL certificate problem: unable to get local issuer certificate
[Method: GET, Route: dashboardjadwalsholat]
in SYSTEMPATH\HTTP\CURLRequest.php on line 694.
 1 SYSTEMPATH\HTTP\CURLRequest.php(694): CodeIgniter\HTTP\Exceptions\HTTPException::forCurlError()
 2 SYSTEMPATH\HTTP\CURLRequest.php(383): CodeIgniter\HTTP\CURLRequest->sendRequest()
 3 SYSTEMPATH\HTTP\CURLRequest.php(152): CodeIgniter\HTTP\CURLRequest->send()
 4 SYSTEMPATH\HTTP\CURLRequest.php(187): CodeIgniter\HTTP\CURLRequest->request()
 5 APPPATH\Controllers\JadwalSholatController.php(24): CodeIgniter\HTTP\CURLRequest->get()
 6 APPPATH\Controllers\JadwalSholatController.php(14): App\Controllers\JadwalSholatController->fetchKota()
 7 SYSTEMPATH\CodeIgniter.php(933): App\Controllers\JadwalSholatController->index()
 8 SYSTEMPATH\CodeIgniter.php(509): CodeIgniter\CodeIgniter->runController()
 9 SYSTEMPATH\CodeIgniter.php(355): CodeIgniter\CodeIgniter->handleRequest()
10 SYSTEMPATH\Boot.php(325): CodeIgniter\CodeIgniter->run()
11 SYSTEMPATH\Boot.php(67): CodeIgniter\Boot::runCodeIgniter()
12 FCPATH\index.php(56): CodeIgniter\Boot::bootWeb()
13 SYSTEMPATH\rewrite.php(44): require_once('D:\\laragon\\www\\masjidAlhikmah\\msj\\public\\index.php')
CRITICAL - 2024-11-14 09:13:01 --> CodeIgniter\HTTP\Exceptions\HTTPException: 60 : SSL certificate problem: unable to get local issuer certificate
[Method: GET, Route: dashboardjadwalsholat]
in SYSTEMPATH\HTTP\CURLRequest.php on line 694.
 1 SYSTEMPATH\HTTP\CURLRequest.php(694): CodeIgniter\HTTP\Exceptions\HTTPException::forCurlError()
 2 SYSTEMPATH\HTTP\CURLRequest.php(383): CodeIgniter\HTTP\CURLRequest->sendRequest()
 3 SYSTEMPATH\HTTP\CURLRequest.php(152): CodeIgniter\HTTP\CURLRequest->send()
 4 SYSTEMPATH\HTTP\CURLRequest.php(187): CodeIgniter\HTTP\CURLRequest->request()
 5 APPPATH\Controllers\JadwalSholatController.php(24): CodeIgniter\HTTP\CURLRequest->get()
 6 APPPATH\Controllers\JadwalSholatController.php(14): App\Controllers\JadwalSholatController->fetchKota()
 7 SYSTEMPATH\CodeIgniter.php(933): App\Controllers\JadwalSholatController->index()
 8 SYSTEMPATH\CodeIgniter.php(509): CodeIgniter\CodeIgniter->runController()
 9 SYSTEMPATH\CodeIgniter.php(355): CodeIgniter\CodeIgniter->handleRequest()
10 SYSTEMPATH\Boot.php(325): CodeIgniter\CodeIgniter->run()
11 SYSTEMPATH\Boot.php(67): CodeIgniter\Boot::runCodeIgniter()
12 FCPATH\index.php(56): CodeIgniter\Boot::bootWeb()
13 SYSTEMPATH\rewrite.php(44): require_once('D:\\laragon\\www\\masjidAlhikmah\\msj\\public\\index.php')
CRITICAL - 2024-11-14 09:13:05 --> CodeIgniter\HTTP\Exceptions\HTTPException: 60 : SSL certificate problem: unable to get local issuer certificate
[Method: GET, Route: dashboardjadwalsholat]
in SYSTEMPATH\HTTP\CURLRequest.php on line 694.
 1 SYSTEMPATH\HTTP\CURLRequest.php(694): CodeIgniter\HTTP\Exceptions\HTTPException::forCurlError()
 2 SYSTEMPATH\HTTP\CURLRequest.php(383): CodeIgniter\HTTP\CURLRequest->sendRequest()
 3 SYSTEMPATH\HTTP\CURLRequest.php(152): CodeIgniter\HTTP\CURLRequest->send()
 4 SYSTEMPATH\HTTP\CURLRequest.php(187): CodeIgniter\HTTP\CURLRequest->request()
 5 APPPATH\Controllers\JadwalSholatController.php(24): CodeIgniter\HTTP\CURLRequest->get()
 6 APPPATH\Controllers\JadwalSholatController.php(14): App\Controllers\JadwalSholatController->fetchKota()
 7 SYSTEMPATH\CodeIgniter.php(933): App\Controllers\JadwalSholatController->index()
 8 SYSTEMPATH\CodeIgniter.php(509): CodeIgniter\CodeIgniter->runController()
 9 SYSTEMPATH\CodeIgniter.php(355): CodeIgniter\CodeIgniter->handleRequest()
10 SYSTEMPATH\Boot.php(325): CodeIgniter\CodeIgniter->run()
11 SYSTEMPATH\Boot.php(67): CodeIgniter\Boot::runCodeIgniter()
12 FCPATH\index.php(56): CodeIgniter\Boot::bootWeb()
13 SYSTEMPATH\rewrite.php(44): require_once('D:\\laragon\\www\\masjidAlhikmah\\msj\\public\\index.php')
CRITICAL - 2024-11-14 09:13:09 --> CodeIgniter\HTTP\Exceptions\HTTPException: 60 : SSL certificate problem: unable to get local issuer certificate
[Method: GET, Route: dashboardjadwalsholat]
in SYSTEMPATH\HTTP\CURLRequest.php on line 694.
 1 SYSTEMPATH\HTTP\CURLRequest.php(694): CodeIgniter\HTTP\Exceptions\HTTPException::forCurlError()
 2 SYSTEMPATH\HTTP\CURLRequest.php(383): CodeIgniter\HTTP\CURLRequest->sendRequest()
 3 SYSTEMPATH\HTTP\CURLRequest.php(152): CodeIgniter\HTTP\CURLRequest->send()
 4 SYSTEMPATH\HTTP\CURLRequest.php(187): CodeIgniter\HTTP\CURLRequest->request()
 5 APPPATH\Controllers\JadwalSholatController.php(24): CodeIgniter\HTTP\CURLRequest->get()
 6 APPPATH\Controllers\JadwalSholatController.php(14): App\Controllers\JadwalSholatController->fetchKota()
 7 SYSTEMPATH\CodeIgniter.php(933): App\Controllers\JadwalSholatController->index()
 8 SYSTEMPATH\CodeIgniter.php(509): CodeIgniter\CodeIgniter->runController()
 9 SYSTEMPATH\CodeIgniter.php(355): CodeIgniter\CodeIgniter->handleRequest()
10 SYSTEMPATH\Boot.php(325): CodeIgniter\CodeIgniter->run()
11 SYSTEMPATH\Boot.php(67): CodeIgniter\Boot::runCodeIgniter()
12 FCPATH\index.php(56): CodeIgniter\Boot::bootWeb()
13 SYSTEMPATH\rewrite.php(44): require_once('D:\\laragon\\www\\masjidAlhikmah\\msj\\public\\index.php')
CRITICAL - 2024-11-14 09:18:42 --> CodeIgniter\HTTP\Exceptions\HTTPException: 60 : SSL certificate problem: unable to get local issuer certificate
[Method: GET, Route: dashboardjadwalsholat]
in SYSTEMPATH\HTTP\CURLRequest.php on line 694.
 1 SYSTEMPATH\HTTP\CURLRequest.php(694): CodeIgniter\HTTP\Exceptions\HTTPException::forCurlError()
 2 SYSTEMPATH\HTTP\CURLRequest.php(383): CodeIgniter\HTTP\CURLRequest->sendRequest()
 3 SYSTEMPATH\HTTP\CURLRequest.php(152): CodeIgniter\HTTP\CURLRequest->send()
 4 SYSTEMPATH\HTTP\CURLRequest.php(187): CodeIgniter\HTTP\CURLRequest->request()
 5 APPPATH\Controllers\JadwalSholatController.php(23): CodeIgniter\HTTP\CURLRequest->get()
 6 APPPATH\Controllers\JadwalSholatController.php(14): App\Controllers\JadwalSholatController->fetchKota()
 7 SYSTEMPATH\CodeIgniter.php(933): App\Controllers\JadwalSholatController->index()
 8 SYSTEMPATH\CodeIgniter.php(509): CodeIgniter\CodeIgniter->runController()
 9 SYSTEMPATH\CodeIgniter.php(355): CodeIgniter\CodeIgniter->handleRequest()
10 SYSTEMPATH\Boot.php(325): CodeIgniter\CodeIgniter->run()
11 SYSTEMPATH\Boot.php(67): CodeIgniter\Boot::runCodeIgniter()
12 FCPATH\index.php(56): CodeIgniter\Boot::bootWeb()
13 SYSTEMPATH\rewrite.php(44): require_once('D:\\laragon\\www\\masjidAlhikmah\\msj\\public\\index.php')
CRITICAL - 2024-11-14 09:18:54 --> CodeIgniter\HTTP\Exceptions\HTTPException: 60 : SSL certificate problem: unable to get local issuer certificate
[Method: GET, Route: dashboardjadwalsholat]
in SYSTEMPATH\HTTP\CURLRequest.php on line 694.
 1 SYSTEMPATH\HTTP\CURLRequest.php(694): CodeIgniter\HTTP\Exceptions\HTTPException::forCurlError()
 2 SYSTEMPATH\HTTP\CURLRequest.php(383): CodeIgniter\HTTP\CURLRequest->sendRequest()
 3 SYSTEMPATH\HTTP\CURLRequest.php(152): CodeIgniter\HTTP\CURLRequest->send()
 4 SYSTEMPATH\HTTP\CURLRequest.php(187): CodeIgniter\HTTP\CURLRequest->request()
 5 APPPATH\Controllers\JadwalSholatController.php(23): CodeIgniter\HTTP\CURLRequest->get()
 6 APPPATH\Controllers\JadwalSholatController.php(14): App\Controllers\JadwalSholatController->fetchKota()
 7 SYSTEMPATH\CodeIgniter.php(933): App\Controllers\JadwalSholatController->index()
 8 SYSTEMPATH\CodeIgniter.php(509): CodeIgniter\CodeIgniter->runController()
 9 SYSTEMPATH\CodeIgniter.php(355): CodeIgniter\CodeIgniter->handleRequest()
10 SYSTEMPATH\Boot.php(325): CodeIgniter\CodeIgniter->run()
11 SYSTEMPATH\Boot.php(67): CodeIgniter\Boot::runCodeIgniter()
12 FCPATH\index.php(56): CodeIgniter\Boot::bootWeb()
13 SYSTEMPATH\rewrite.php(44): require_once('D:\\laragon\\www\\masjidAlhikmah\\msj\\public\\index.php')
CRITICAL - 2024-11-14 09:21:58 --> CodeIgniter\HTTP\Exceptions\HTTPException: 60 : SSL certificate problem: unable to get local issuer certificate
[Method: GET, Route: dashboardjadwalsholat]
in SYSTEMPATH\HTTP\CURLRequest.php on line 694.
 1 SYSTEMPATH\HTTP\CURLRequest.php(694): CodeIgniter\HTTP\Exceptions\HTTPException::forCurlError()
 2 SYSTEMPATH\HTTP\CURLRequest.php(383): CodeIgniter\HTTP\CURLRequest->sendRequest()
 3 SYSTEMPATH\HTTP\CURLRequest.php(152): CodeIgniter\HTTP\CURLRequest->send()
 4 APPPATH\Controllers\JadwalSholatController.php(18): CodeIgniter\HTTP\CURLRequest->request()
 5 SYSTEMPATH\CodeIgniter.php(933): App\Controllers\JadwalSholatController->index()
 6 SYSTEMPATH\CodeIgniter.php(509): CodeIgniter\CodeIgniter->runController()
 7 SYSTEMPATH\CodeIgniter.php(355): CodeIgniter\CodeIgniter->handleRequest()
 8 SYSTEMPATH\Boot.php(325): CodeIgniter\CodeIgniter->run()
 9 SYSTEMPATH\Boot.php(67): CodeIgniter\Boot::runCodeIgniter()
10 FCPATH\index.php(56): CodeIgniter\Boot::bootWeb()
11 SYSTEMPATH\rewrite.php(44): require_once('D:\\laragon\\www\\masjidAlhikmah\\msj\\public\\index.php')
CRITICAL - 2024-11-14 09:22:01 --> CodeIgniter\HTTP\Exceptions\HTTPException: 60 : SSL certificate problem: unable to get local issuer certificate
[Method: GET, Route: dashboardjadwalsholat]
in SYSTEMPATH\HTTP\CURLRequest.php on line 694.
 1 SYSTEMPATH\HTTP\CURLRequest.php(694): CodeIgniter\HTTP\Exceptions\HTTPException::forCurlError()
 2 SYSTEMPATH\HTTP\CURLRequest.php(383): CodeIgniter\HTTP\CURLRequest->sendRequest()
 3 SYSTEMPATH\HTTP\CURLRequest.php(152): CodeIgniter\HTTP\CURLRequest->send()
 4 APPPATH\Controllers\JadwalSholatController.php(18): CodeIgniter\HTTP\CURLRequest->request()
 5 SYSTEMPATH\CodeIgniter.php(933): App\Controllers\JadwalSholatController->index()
 6 SYSTEMPATH\CodeIgniter.php(509): CodeIgniter\CodeIgniter->runController()
 7 SYSTEMPATH\CodeIgniter.php(355): CodeIgniter\CodeIgniter->handleRequest()
 8 SYSTEMPATH\Boot.php(325): CodeIgniter\CodeIgniter->run()
 9 SYSTEMPATH\Boot.php(67): CodeIgniter\Boot::runCodeIgniter()
10 FCPATH\index.php(56): CodeIgniter\Boot::bootWeb()
11 SYSTEMPATH\rewrite.php(44): require_once('D:\\laragon\\www\\masjidAlhikmah\\msj\\public\\index.php')
CRITICAL - 2024-11-14 09:23:56 --> CodeIgniter\HTTP\Exceptions\HTTPException: 60 : SSL certificate problem: unable to get local issuer certificate
[Method: GET, Route: dashboardjadwalsholat]
in SYSTEMPATH\HTTP\CURLRequest.php on line 694.
 1 SYSTEMPATH\HTTP\CURLRequest.php(694): CodeIgniter\HTTP\Exceptions\HTTPException::forCurlError()
 2 SYSTEMPATH\HTTP\CURLRequest.php(383): CodeIgniter\HTTP\CURLRequest->sendRequest()
 3 SYSTEMPATH\HTTP\CURLRequest.php(152): CodeIgniter\HTTP\CURLRequest->send()
 4 APPPATH\Controllers\JadwalSholatController.php(18): CodeIgniter\HTTP\CURLRequest->request()
 5 SYSTEMPATH\CodeIgniter.php(933): App\Controllers\JadwalSholatController->index()
 6 SYSTEMPATH\CodeIgniter.php(509): CodeIgniter\CodeIgniter->runController()
 7 SYSTEMPATH\CodeIgniter.php(355): CodeIgniter\CodeIgniter->handleRequest()
 8 SYSTEMPATH\Boot.php(325): CodeIgniter\CodeIgniter->run()
 9 SYSTEMPATH\Boot.php(67): CodeIgniter\Boot::runCodeIgniter()
10 FCPATH\index.php(56): CodeIgniter\Boot::bootWeb()
11 SYSTEMPATH\rewrite.php(44): require_once('D:\\laragon\\www\\masjidAlhikmah\\msj\\public\\index.php')
CRITICAL - 2024-11-14 09:26:29 --> CodeIgniter\HTTP\Exceptions\HTTPException: 60 : SSL certificate problem: unable to get local issuer certificate
[Method: GET, Route: dashboardjadwalsholat]
in SYSTEMPATH\HTTP\CURLRequest.php on line 694.
 1 SYSTEMPATH\HTTP\CURLRequest.php(694): CodeIgniter\HTTP\Exceptions\HTTPException::forCurlError()
 2 SYSTEMPATH\HTTP\CURLRequest.php(383): CodeIgniter\HTTP\CURLRequest->sendRequest()
 3 SYSTEMPATH\HTTP\CURLRequest.php(152): CodeIgniter\HTTP\CURLRequest->send()
 4 SYSTEMPATH\HTTP\CURLRequest.php(187): CodeIgniter\HTTP\CURLRequest->request()
 5 APPPATH\Models\KotaModel.php(18): CodeIgniter\HTTP\CURLRequest->get()
 6 APPPATH\Controllers\JadwalSholatController.php(16): App\Models\KotaModel->fetchCities()
 7 SYSTEMPATH\CodeIgniter.php(933): App\Controllers\JadwalSholatController->index()
 8 SYSTEMPATH\CodeIgniter.php(509): CodeIgniter\CodeIgniter->runController()
 9 SYSTEMPATH\CodeIgniter.php(355): CodeIgniter\CodeIgniter->handleRequest()
10 SYSTEMPATH\Boot.php(325): CodeIgniter\CodeIgniter->run()
11 SYSTEMPATH\Boot.php(67): CodeIgniter\Boot::runCodeIgniter()
12 FCPATH\index.php(56): CodeIgniter\Boot::bootWeb()
13 SYSTEMPATH\rewrite.php(44): require_once('D:\\laragon\\www\\masjidAlhikmah\\msj\\public\\index.php')
INFO - 2024-11-14 09:26:34 --> Session: Class initialized using 'CodeIgniter\Session\Handlers\FileHandler' driver.
CRITICAL - 2024-11-14 09:26:40 --> CodeIgniter\HTTP\Exceptions\HTTPException: 60 : SSL certificate problem: unable to get local issuer certificate
[Method: GET, Route: dashboardjadwalsholat]
in SYSTEMPATH\HTTP\CURLRequest.php on line 694.
 1 SYSTEMPATH\HTTP\CURLRequest.php(694): CodeIgniter\HTTP\Exceptions\HTTPException::forCurlError()
 2 SYSTEMPATH\HTTP\CURLRequest.php(383): CodeIgniter\HTTP\CURLRequest->sendRequest()
 3 SYSTEMPATH\HTTP\CURLRequest.php(152): CodeIgniter\HTTP\CURLRequest->send()
 4 SYSTEMPATH\HTTP\CURLRequest.php(187): CodeIgniter\HTTP\CURLRequest->request()
 5 APPPATH\Models\KotaModel.php(18): CodeIgniter\HTTP\CURLRequest->get()
 6 APPPATH\Controllers\JadwalSholatController.php(16): App\Models\KotaModel->fetchCities()
 7 SYSTEMPATH\CodeIgniter.php(933): App\Controllers\JadwalSholatController->index()
 8 SYSTEMPATH\CodeIgniter.php(509): CodeIgniter\CodeIgniter->runController()
 9 SYSTEMPATH\CodeIgniter.php(355): CodeIgniter\CodeIgniter->handleRequest()
10 SYSTEMPATH\Boot.php(325): CodeIgniter\CodeIgniter->run()
11 SYSTEMPATH\Boot.php(67): CodeIgniter\Boot::runCodeIgniter()
12 FCPATH\index.php(56): CodeIgniter\Boot::bootWeb()
13 SYSTEMPATH\rewrite.php(44): require_once('D:\\laragon\\www\\masjidAlhikmah\\msj\\public\\index.php')
CRITICAL - 2024-11-14 09:35:30 --> BadMethodCallException: Call to undefined method App\Models\KotaModel::fetchCities
[Method: GET, Route: dashboardjadwalsholat]
in SYSTEMPATH\Model.php on line 932.
 1 APPPATH\Controllers\JadwalSholatController.php(16): CodeIgniter\Model->__call()
 2 SYSTEMPATH\CodeIgniter.php(933): App\Controllers\JadwalSholatController->index()
 3 SYSTEMPATH\CodeIgniter.php(509): CodeIgniter\CodeIgniter->runController()
 4 SYSTEMPATH\CodeIgniter.php(355): CodeIgniter\CodeIgniter->handleRequest()
 5 SYSTEMPATH\Boot.php(325): CodeIgniter\CodeIgniter->run()
 6 SYSTEMPATH\Boot.php(67): CodeIgniter\Boot::runCodeIgniter()
 7 FCPATH\index.php(56): CodeIgniter\Boot::bootWeb()
 8 SYSTEMPATH\rewrite.php(44): require_once('D:\\laragon\\www\\masjidAlhikmah\\msj\\public\\index.php')
CRITICAL - 2024-11-14 09:36:19 --> BadMethodCallException: Call to undefined method App\Models\KotaModel::fetchCities
[Method: GET, Route: dashboardjadwalsholat]
in SYSTEMPATH\Model.php on line 932.
 1 APPPATH\Controllers\JadwalSholatController.php(16): CodeIgniter\Model->__call()
 2 SYSTEMPATH\CodeIgniter.php(933): App\Controllers\JadwalSholatController->index()
 3 SYSTEMPATH\CodeIgniter.php(509): CodeIgniter\CodeIgniter->runController()
 4 SYSTEMPATH\CodeIgniter.php(355): CodeIgniter\CodeIgniter->handleRequest()
 5 SYSTEMPATH\Boot.php(325): CodeIgniter\CodeIgniter->run()
 6 SYSTEMPATH\Boot.php(67): CodeIgniter\Boot::runCodeIgniter()
 7 FCPATH\index.php(56): CodeIgniter\Boot::bootWeb()
 8 SYSTEMPATH\rewrite.php(44): require_once('D:\\laragon\\www\\masjidAlhikmah\\msj\\public\\index.php')
CRITICAL - 2024-11-14 09:36:20 --> BadMethodCallException: Call to undefined method App\Models\KotaModel::fetchCities
[Method: GET, Route: dashboardjadwalsholat]
in SYSTEMPATH\Model.php on line 932.
 1 APPPATH\Controllers\JadwalSholatController.php(16): CodeIgniter\Model->__call()
 2 SYSTEMPATH\CodeIgniter.php(933): App\Controllers\JadwalSholatController->index()
 3 SYSTEMPATH\CodeIgniter.php(509): CodeIgniter\CodeIgniter->runController()
 4 SYSTEMPATH\CodeIgniter.php(355): CodeIgniter\CodeIgniter->handleRequest()
 5 SYSTEMPATH\Boot.php(325): CodeIgniter\CodeIgniter->run()
 6 SYSTEMPATH\Boot.php(67): CodeIgniter\Boot::runCodeIgniter()
 7 FCPATH\index.php(56): CodeIgniter\Boot::bootWeb()
 8 SYSTEMPATH\rewrite.php(44): require_once('D:\\laragon\\www\\masjidAlhikmah\\msj\\public\\index.php')
CRITICAL - 2024-11-14 09:36:21 --> BadMethodCallException: Call to undefined method App\Models\KotaModel::fetchCities
[Method: GET, Route: dashboardjadwalsholat]
in SYSTEMPATH\Model.php on line 932.
 1 APPPATH\Controllers\JadwalSholatController.php(16): CodeIgniter\Model->__call()
 2 SYSTEMPATH\CodeIgniter.php(933): App\Controllers\JadwalSholatController->index()
 3 SYSTEMPATH\CodeIgniter.php(509): CodeIgniter\CodeIgniter->runController()
 4 SYSTEMPATH\CodeIgniter.php(355): CodeIgniter\CodeIgniter->handleRequest()
 5 SYSTEMPATH\Boot.php(325): CodeIgniter\CodeIgniter->run()
 6 SYSTEMPATH\Boot.php(67): CodeIgniter\Boot::runCodeIgniter()
 7 FCPATH\index.php(56): CodeIgniter\Boot::bootWeb()
 8 SYSTEMPATH\rewrite.php(44): require_once('D:\\laragon\\www\\masjidAlhikmah\\msj\\public\\index.php')
CRITICAL - 2024-11-14 09:37:52 --> Error: Class "App\Models\KotaModel" not found
[Method: GET, Route: dashboardjadwalsholat]
in APPPATH\Controllers\JadwalSholatController.php on line 13.
 1 SYSTEMPATH\CodeIgniter.php(933): App\Controllers\JadwalSholatController->index()
 2 SYSTEMPATH\CodeIgniter.php(509): CodeIgniter\CodeIgniter->runController()
 3 SYSTEMPATH\CodeIgniter.php(355): CodeIgniter\CodeIgniter->handleRequest()
 4 SYSTEMPATH\Boot.php(325): CodeIgniter\CodeIgniter->run()
 5 SYSTEMPATH\Boot.php(67): CodeIgniter\Boot::runCodeIgniter()
 6 FCPATH\index.php(56): CodeIgniter\Boot::bootWeb()
 7 SYSTEMPATH\rewrite.php(44): require_once('D:\\laragon\\www\\masjidAlhikmah\\msj\\public\\index.php')
INFO - 2024-11-14 09:55:46 --> Session: Class initialized using 'CodeIgniter\Session\Handlers\FileHandler' driver.
CRITICAL - 2024-11-14 10:15:18 --> TypeError: Cannot access offset of type string on string
[Method: GET, Route: dashboardjadwalsholat/]
in APPPATH\Views\admin\dashboardjadwalsholat.php on line 21.
 1 SYSTEMPATH\View\View.php(234): include()
 2 SYSTEMPATH\View\View.php(237): CodeIgniter\View\View->CodeIgniter\View\{closure}()
 3 SYSTEMPATH\Common.php(1171): CodeIgniter\View\View->render()
 4 APPPATH\Controllers\JadwalSholatController.php(17): view()
 5 SYSTEMPATH\CodeIgniter.php(933): App\Controllers\JadwalSholatController->index()
 6 SYSTEMPATH\CodeIgniter.php(509): CodeIgniter\CodeIgniter->runController()
 7 SYSTEMPATH\CodeIgniter.php(355): CodeIgniter\CodeIgniter->handleRequest()
 8 SYSTEMPATH\Boot.php(325): CodeIgniter\CodeIgniter->run()
 9 SYSTEMPATH\Boot.php(67): CodeIgniter\Boot::runCodeIgniter()
10 FCPATH\index.php(56): CodeIgniter\Boot::bootWeb()
11 SYSTEMPATH\rewrite.php(44): require_once('D:\\laragon\\www\\masjidAlhikmah\\msj\\public\\index.php')
CRITICAL - 2024-11-14 10:18:48 --> CodeIgniter\HTTP\Exceptions\HTTPException: 60 : SSL certificate problem: unable to get local issuer certificate
[Method: GET, Route: dashboardjadwalsholat/]
in SYSTEMPATH\HTTP\CURLRequest.php on line 694.
 1 SYSTEMPATH\HTTP\CURLRequest.php(694): CodeIgniter\HTTP\Exceptions\HTTPException::forCurlError()
 2 SYSTEMPATH\HTTP\CURLRequest.php(383): CodeIgniter\HTTP\CURLRequest->sendRequest()
 3 SYSTEMPATH\HTTP\CURLRequest.php(152): CodeIgniter\HTTP\CURLRequest->send()
 4 APPPATH\Controllers\JadwalSholatController.php(35): CodeIgniter\HTTP\CURLRequest->request()
 5 APPPATH\Controllers\JadwalSholatController.php(13): App\Controllers\JadwalSholatController->fetchCities()
 6 SYSTEMPATH\CodeIgniter.php(933): App\Controllers\JadwalSholatController->index()
 7 SYSTEMPATH\CodeIgniter.php(509): CodeIgniter\CodeIgniter->runController()
 8 SYSTEMPATH\CodeIgniter.php(355): CodeIgniter\CodeIgniter->handleRequest()
 9 SYSTEMPATH\Boot.php(325): CodeIgniter\CodeIgniter->run()
10 SYSTEMPATH\Boot.php(67): CodeIgniter\Boot::runCodeIgniter()
11 FCPATH\index.php(56): CodeIgniter\Boot::bootWeb()
12 SYSTEMPATH\rewrite.php(44): require_once('D:\\laragon\\www\\masjidAlhikmah\\msj\\public\\index.php')
CRITICAL - 2024-11-14 10:19:08 --> CodeIgniter\HTTP\Exceptions\HTTPException: 60 : SSL certificate problem: unable to get local issuer certificate
[Method: GET, Route: dashboardjadwalsholat/]
in SYSTEMPATH\HTTP\CURLRequest.php on line 694.
 1 SYSTEMPATH\HTTP\CURLRequest.php(694): CodeIgniter\HTTP\Exceptions\HTTPException::forCurlError()
 2 SYSTEMPATH\HTTP\CURLRequest.php(383): CodeIgniter\HTTP\CURLRequest->sendRequest()
 3 SYSTEMPATH\HTTP\CURLRequest.php(152): CodeIgniter\HTTP\CURLRequest->send()
 4 APPPATH\Controllers\JadwalSholatController.php(35): CodeIgniter\HTTP\CURLRequest->request()
 5 APPPATH\Controllers\JadwalSholatController.php(13): App\Controllers\JadwalSholatController->fetchCities()
 6 SYSTEMPATH\CodeIgniter.php(933): App\Controllers\JadwalSholatController->index()
 7 SYSTEMPATH\CodeIgniter.php(509): CodeIgniter\CodeIgniter->runController()
 8 SYSTEMPATH\CodeIgniter.php(355): CodeIgniter\CodeIgniter->handleRequest()
 9 SYSTEMPATH\Boot.php(325): CodeIgniter\CodeIgniter->run()
10 SYSTEMPATH\Boot.php(67): CodeIgniter\Boot::runCodeIgniter()
11 FCPATH\index.php(56): CodeIgniter\Boot::bootWeb()
12 SYSTEMPATH\rewrite.php(44): require_once('D:\\laragon\\www\\masjidAlhikmah\\msj\\public\\index.php')
CRITICAL - 2024-11-14 10:19:15 --> CodeIgniter\HTTP\Exceptions\HTTPException: 60 : SSL certificate problem: unable to get local issuer certificate
[Method: GET, Route: dashboardjadwalsholat]
in SYSTEMPATH\HTTP\CURLRequest.php on line 694.
 1 SYSTEMPATH\HTTP\CURLRequest.php(694): CodeIgniter\HTTP\Exceptions\HTTPException::forCurlError()
 2 SYSTEMPATH\HTTP\CURLRequest.php(383): CodeIgniter\HTTP\CURLRequest->sendRequest()
 3 SYSTEMPATH\HTTP\CURLRequest.php(152): CodeIgniter\HTTP\CURLRequest->send()
 4 APPPATH\Controllers\JadwalSholatController.php(35): CodeIgniter\HTTP\CURLRequest->request()
 5 APPPATH\Controllers\JadwalSholatController.php(13): App\Controllers\JadwalSholatController->fetchCities()
 6 SYSTEMPATH\CodeIgniter.php(933): App\Controllers\JadwalSholatController->index()
 7 SYSTEMPATH\CodeIgniter.php(509): CodeIgniter\CodeIgniter->runController()
 8 SYSTEMPATH\CodeIgniter.php(355): CodeIgniter\CodeIgniter->handleRequest()
 9 SYSTEMPATH\Boot.php(325): CodeIgniter\CodeIgniter->run()
10 SYSTEMPATH\Boot.php(67): CodeIgniter\Boot::runCodeIgniter()
11 FCPATH\index.php(56): CodeIgniter\Boot::bootWeb()
12 SYSTEMPATH\rewrite.php(44): require_once('D:\\laragon\\www\\masjidAlhikmah\\msj\\public\\index.php')
CRITICAL - 2024-11-14 10:19:20 --> CodeIgniter\HTTP\Exceptions\HTTPException: 60 : SSL certificate problem: unable to get local issuer certificate
[Method: GET, Route: dashboardjadwalsholat]
in SYSTEMPATH\HTTP\CURLRequest.php on line 694.
 1 SYSTEMPATH\HTTP\CURLRequest.php(694): CodeIgniter\HTTP\Exceptions\HTTPException::forCurlError()
 2 SYSTEMPATH\HTTP\CURLRequest.php(383): CodeIgniter\HTTP\CURLRequest->sendRequest()
 3 SYSTEMPATH\HTTP\CURLRequest.php(152): CodeIgniter\HTTP\CURLRequest->send()
 4 APPPATH\Controllers\JadwalSholatController.php(35): CodeIgniter\HTTP\CURLRequest->request()
 5 APPPATH\Controllers\JadwalSholatController.php(13): App\Controllers\JadwalSholatController->fetchCities()
 6 SYSTEMPATH\CodeIgniter.php(933): App\Controllers\JadwalSholatController->index()
 7 SYSTEMPATH\CodeIgniter.php(509): CodeIgniter\CodeIgniter->runController()
 8 SYSTEMPATH\CodeIgniter.php(355): CodeIgniter\CodeIgniter->handleRequest()
 9 SYSTEMPATH\Boot.php(325): CodeIgniter\CodeIgniter->run()
10 SYSTEMPATH\Boot.php(67): CodeIgniter\Boot::runCodeIgniter()
11 FCPATH\index.php(56): CodeIgniter\Boot::bootWeb()
12 SYSTEMPATH\rewrite.php(44): require_once('D:\\laragon\\www\\masjidAlhikmah\\msj\\public\\index.php')
CRITICAL - 2024-11-14 10:19:24 --> CodeIgniter\HTTP\Exceptions\HTTPException: 60 : SSL certificate problem: unable to get local issuer certificate
[Method: GET, Route: dashboardjadwalsholat]
in SYSTEMPATH\HTTP\CURLRequest.php on line 694.
 1 SYSTEMPATH\HTTP\CURLRequest.php(694): CodeIgniter\HTTP\Exceptions\HTTPException::forCurlError()
 2 SYSTEMPATH\HTTP\CURLRequest.php(383): CodeIgniter\HTTP\CURLRequest->sendRequest()
 3 SYSTEMPATH\HTTP\CURLRequest.php(152): CodeIgniter\HTTP\CURLRequest->send()
 4 APPPATH\Controllers\JadwalSholatController.php(35): CodeIgniter\HTTP\CURLRequest->request()
 5 APPPATH\Controllers\JadwalSholatController.php(13): App\Controllers\JadwalSholatController->fetchCities()
 6 SYSTEMPATH\CodeIgniter.php(933): App\Controllers\JadwalSholatController->index()
 7 SYSTEMPATH\CodeIgniter.php(509): CodeIgniter\CodeIgniter->runController()
 8 SYSTEMPATH\CodeIgniter.php(355): CodeIgniter\CodeIgniter->handleRequest()
 9 SYSTEMPATH\Boot.php(325): CodeIgniter\CodeIgniter->run()
10 SYSTEMPATH\Boot.php(67): CodeIgniter\Boot::runCodeIgniter()
11 FCPATH\index.php(56): CodeIgniter\Boot::bootWeb()
12 SYSTEMPATH\rewrite.php(44): require_once('D:\\laragon\\www\\masjidAlhikmah\\msj\\public\\index.php')
CRITICAL - 2024-11-14 10:19:43 --> CodeIgniter\HTTP\Exceptions\HTTPException: 60 : SSL certificate problem: unable to get local issuer certificate
[Method: GET, Route: dashboardjadwalsholat]
in SYSTEMPATH\HTTP\CURLRequest.php on line 694.
 1 SYSTEMPATH\HTTP\CURLRequest.php(694): CodeIgniter\HTTP\Exceptions\HTTPException::forCurlError()
 2 SYSTEMPATH\HTTP\CURLRequest.php(383): CodeIgniter\HTTP\CURLRequest->sendRequest()
 3 SYSTEMPATH\HTTP\CURLRequest.php(152): CodeIgniter\HTTP\CURLRequest->send()
 4 APPPATH\Controllers\JadwalSholatController.php(35): CodeIgniter\HTTP\CURLRequest->request()
 5 APPPATH\Controllers\JadwalSholatController.php(13): App\Controllers\JadwalSholatController->fetchCities()
 6 SYSTEMPATH\CodeIgniter.php(933): App\Controllers\JadwalSholatController->index()
 7 SYSTEMPATH\CodeIgniter.php(509): CodeIgniter\CodeIgniter->runController()
 8 SYSTEMPATH\CodeIgniter.php(355): CodeIgniter\CodeIgniter->handleRequest()
 9 SYSTEMPATH\Boot.php(325): CodeIgniter\CodeIgniter->run()
10 SYSTEMPATH\Boot.php(67): CodeIgniter\Boot::runCodeIgniter()
11 FCPATH\index.php(56): CodeIgniter\Boot::bootWeb()
12 SYSTEMPATH\rewrite.php(44): require_once('D:\\laragon\\www\\masjidAlhikmah\\msj\\public\\index.php')
CRITICAL - 2024-11-14 10:20:07 --> CodeIgniter\HTTP\Exceptions\HTTPException: 60 : SSL certificate problem: unable to get local issuer certificate
[Method: GET, Route: dashboardjadwalsholat]
in SYSTEMPATH\HTTP\CURLRequest.php on line 694.
 1 SYSTEMPATH\HTTP\CURLRequest.php(694): CodeIgniter\HTTP\Exceptions\HTTPException::forCurlError()
 2 SYSTEMPATH\HTTP\CURLRequest.php(383): CodeIgniter\HTTP\CURLRequest->sendRequest()
 3 SYSTEMPATH\HTTP\CURLRequest.php(152): CodeIgniter\HTTP\CURLRequest->send()
 4 APPPATH\Controllers\JadwalSholatController.php(35): CodeIgniter\HTTP\CURLRequest->request()
 5 APPPATH\Controllers\JadwalSholatController.php(13): App\Controllers\JadwalSholatController->fetchCities()
 6 SYSTEMPATH\CodeIgniter.php(933): App\Controllers\JadwalSholatController->index()
 7 SYSTEMPATH\CodeIgniter.php(509): CodeIgniter\CodeIgniter->runController()
 8 SYSTEMPATH\CodeIgniter.php(355): CodeIgniter\CodeIgniter->handleRequest()
 9 SYSTEMPATH\Boot.php(325): CodeIgniter\CodeIgniter->run()
10 SYSTEMPATH\Boot.php(67): CodeIgniter\Boot::runCodeIgniter()
11 FCPATH\index.php(56): CodeIgniter\Boot::bootWeb()
12 SYSTEMPATH\rewrite.php(44): require_once('D:\\laragon\\www\\masjidAlhikmah\\msj\\public\\index.php')
CRITICAL - 2024-11-14 10:21:10 --> CodeIgniter\HTTP\Exceptions\HTTPException: 60 : SSL certificate problem: unable to get local issuer certificate
[Method: GET, Route: dashboardjadwalsholat]
in SYSTEMPATH\HTTP\CURLRequest.php on line 694.
 1 SYSTEMPATH\HTTP\CURLRequest.php(694): CodeIgniter\HTTP\Exceptions\HTTPException::forCurlError()
 2 SYSTEMPATH\HTTP\CURLRequest.php(383): CodeIgniter\HTTP\CURLRequest->sendRequest()
 3 SYSTEMPATH\HTTP\CURLRequest.php(152): CodeIgniter\HTTP\CURLRequest->send()
 4 APPPATH\Controllers\JadwalSholatController.php(35): CodeIgniter\HTTP\CURLRequest->request()
 5 APPPATH\Controllers\JadwalSholatController.php(13): App\Controllers\JadwalSholatController->fetchCities()
 6 SYSTEMPATH\CodeIgniter.php(933): App\Controllers\JadwalSholatController->index()
 7 SYSTEMPATH\CodeIgniter.php(509): CodeIgniter\CodeIgniter->runController()
 8 SYSTEMPATH\CodeIgniter.php(355): CodeIgniter\CodeIgniter->handleRequest()
 9 SYSTEMPATH\Boot.php(325): CodeIgniter\CodeIgniter->run()
10 SYSTEMPATH\Boot.php(67): CodeIgniter\Boot::runCodeIgniter()
11 FCPATH\index.php(56): CodeIgniter\Boot::bootWeb()
12 SYSTEMPATH\rewrite.php(44): require_once('D:\\laragon\\www\\masjidAlhikmah\\msj\\public\\index.php')
CRITICAL - 2024-11-14 10:25:14 --> Error: Class "GuzzleHttp\Client" not found
[Method: GET, Route: dashboardjadwalsholat/]
in APPPATH\Controllers\JadwalSholatController.php on line 29.
 1 APPPATH\Controllers\JadwalSholatController.php(14): App\Controllers\JadwalSholatController->fetchCities()
 2 SYSTEMPATH\CodeIgniter.php(933): App\Controllers\JadwalSholatController->index()
 3 SYSTEMPATH\CodeIgniter.php(509): CodeIgniter\CodeIgniter->runController()
 4 SYSTEMPATH\CodeIgniter.php(355): CodeIgniter\CodeIgniter->handleRequest()
 5 SYSTEMPATH\Boot.php(325): CodeIgniter\CodeIgniter->run()
 6 SYSTEMPATH\Boot.php(67): CodeIgniter\Boot::runCodeIgniter()
 7 FCPATH\index.php(56): CodeIgniter\Boot::bootWeb()
 8 SYSTEMPATH\rewrite.php(44): require_once('D:\\laragon\\www\\masjidAlhikmah\\msj\\public\\index.php')
CRITICAL - 2024-11-14 10:31:40 --> Error: Class "GuzzleHttp\Client" not found
[Method: GET, Route: dashboardjadwalsholat]
in APPPATH\Controllers\JadwalSholatController.php on line 35.
 1 APPPATH\Controllers\JadwalSholatController.php(14): App\Controllers\JadwalSholatController->fetchCities()
 2 SYSTEMPATH\CodeIgniter.php(933): App\Controllers\JadwalSholatController->index()
 3 SYSTEMPATH\CodeIgniter.php(509): CodeIgniter\CodeIgniter->runController()
 4 SYSTEMPATH\CodeIgniter.php(355): CodeIgniter\CodeIgniter->handleRequest()
 5 SYSTEMPATH\Boot.php(325): CodeIgniter\CodeIgniter->run()
 6 SYSTEMPATH\Boot.php(67): CodeIgniter\Boot::runCodeIgniter()
 7 FCPATH\index.php(56): CodeIgniter\Boot::bootWeb()
 8 SYSTEMPATH\rewrite.php(44): require_once('D:\\laragon\\www\\masjidAlhikmah\\msj\\public\\index.php')
CRITICAL - 2024-11-14 10:35:21 --> ErrorException: Undefined array key "lokasi"
[Method: GET, Route: dashboardjadwalsholat]
in APPPATH\Views\admin\dashboardjadwalsholat.php on line 32.
 1 APPPATH\Views\admin\dashboardjadwalsholat.php(32): CodeIgniter\Debug\Exceptions->errorHandler()
 2 SYSTEMPATH\View\View.php(234): include('D:\\laragon\\www\\masjidAlhikmah\\msj\\app\\Views\\admin\\dashboardjadwalsholat.php')
 3 SYSTEMPATH\View\View.php(237): CodeIgniter\View\View->CodeIgniter\View\{closure}()
 4 SYSTEMPATH\Common.php(1171): CodeIgniter\View\View->render()
 5 APPPATH\Controllers\JadwalSholatController.php(25): view()
 6 SYSTEMPATH\CodeIgniter.php(933): App\Controllers\JadwalSholatController->index()
 7 SYSTEMPATH\CodeIgniter.php(509): CodeIgniter\CodeIgniter->runController()
 8 SYSTEMPATH\CodeIgniter.php(355): CodeIgniter\CodeIgniter->handleRequest()
 9 SYSTEMPATH\Boot.php(325): CodeIgniter\CodeIgniter->run()
10 SYSTEMPATH\Boot.php(67): CodeIgniter\Boot::runCodeIgniter()
11 FCPATH\index.php(56): CodeIgniter\Boot::bootWeb()
12 SYSTEMPATH\rewrite.php(44): require_once('D:\\laragon\\www\\masjidAlhikmah\\msj\\public\\index.php')
CRITICAL - 2024-11-14 10:35:26 --> ErrorException: Undefined array key "lokasi"
[Method: GET, Route: dashboardjadwalsholat]
in APPPATH\Views\admin\dashboardjadwalsholat.php on line 32.
 1 APPPATH\Views\admin\dashboardjadwalsholat.php(32): CodeIgniter\Debug\Exceptions->errorHandler()
 2 SYSTEMPATH\View\View.php(234): include('D:\\laragon\\www\\masjidAlhikmah\\msj\\app\\Views\\admin\\dashboardjadwalsholat.php')
 3 SYSTEMPATH\View\View.php(237): CodeIgniter\View\View->CodeIgniter\View\{closure}()
 4 SYSTEMPATH\Common.php(1171): CodeIgniter\View\View->render()
 5 APPPATH\Controllers\JadwalSholatController.php(25): view()
 6 SYSTEMPATH\CodeIgniter.php(933): App\Controllers\JadwalSholatController->index()
 7 SYSTEMPATH\CodeIgniter.php(509): CodeIgniter\CodeIgniter->runController()
 8 SYSTEMPATH\CodeIgniter.php(355): CodeIgniter\CodeIgniter->handleRequest()
 9 SYSTEMPATH\Boot.php(325): CodeIgniter\CodeIgniter->run()
10 SYSTEMPATH\Boot.php(67): CodeIgniter\Boot::runCodeIgniter()
11 FCPATH\index.php(56): CodeIgniter\Boot::bootWeb()
12 SYSTEMPATH\rewrite.php(44): require_once('D:\\laragon\\www\\masjidAlhikmah\\msj\\public\\index.php')
CRITICAL - 2024-11-14 10:35:46 --> ErrorException: Undefined array key "lokasi"
[Method: GET, Route: dashboardjadwalsholat]
in APPPATH\Views\admin\dashboardjadwalsholat.php on line 32.
 1 APPPATH\Views\admin\dashboardjadwalsholat.php(32): CodeIgniter\Debug\Exceptions->errorHandler()
 2 SYSTEMPATH\View\View.php(234): include('D:\\laragon\\www\\masjidAlhikmah\\msj\\app\\Views\\admin\\dashboardjadwalsholat.php')
 3 SYSTEMPATH\View\View.php(237): CodeIgniter\View\View->CodeIgniter\View\{closure}()
 4 SYSTEMPATH\Common.php(1171): CodeIgniter\View\View->render()
 5 APPPATH\Controllers\JadwalSholatController.php(25): view()
 6 SYSTEMPATH\CodeIgniter.php(933): App\Controllers\JadwalSholatController->index()
 7 SYSTEMPATH\CodeIgniter.php(509): CodeIgniter\CodeIgniter->runController()
 8 SYSTEMPATH\CodeIgniter.php(355): CodeIgniter\CodeIgniter->handleRequest()
 9 SYSTEMPATH\Boot.php(325): CodeIgniter\CodeIgniter->run()
10 SYSTEMPATH\Boot.php(67): CodeIgniter\Boot::runCodeIgniter()
11 FCPATH\index.php(56): CodeIgniter\Boot::bootWeb()
12 SYSTEMPATH\rewrite.php(44): require_once('D:\\laragon\\www\\masjidAlhikmah\\msj\\public\\index.php')
CRITICAL - 2024-11-14 10:38:21 --> ErrorException: Undefined array key "lokasi"
[Method: GET, Route: dashboardjadwalsholat]
in APPPATH\Views\admin\dashboardjadwalsholat.php on line 31.
 1 APPPATH\Views\admin\dashboardjadwalsholat.php(31): CodeIgniter\Debug\Exceptions->errorHandler()
 2 SYSTEMPATH\View\View.php(234): include('D:\\laragon\\www\\masjidAlhikmah\\msj\\app\\Views\\admin\\dashboardjadwalsholat.php')
 3 SYSTEMPATH\View\View.php(237): CodeIgniter\View\View->CodeIgniter\View\{closure}()
 4 SYSTEMPATH\Common.php(1171): CodeIgniter\View\View->render()
 5 APPPATH\Controllers\JadwalSholatController.php(27): view()
 6 SYSTEMPATH\CodeIgniter.php(933): App\Controllers\JadwalSholatController->index()
 7 SYSTEMPATH\CodeIgniter.php(509): CodeIgniter\CodeIgniter->runController()
 8 SYSTEMPATH\CodeIgniter.php(355): CodeIgniter\CodeIgniter->handleRequest()
 9 SYSTEMPATH\Boot.php(325): CodeIgniter\CodeIgniter->run()
10 SYSTEMPATH\Boot.php(67): CodeIgniter\Boot::runCodeIgniter()
11 FCPATH\index.php(56): CodeIgniter\Boot::bootWeb()
12 SYSTEMPATH\rewrite.php(44): require_once('D:\\laragon\\www\\masjidAlhikmah\\msj\\public\\index.php')
INFO - 2024-11-14 10:38:31 --> Session: Class initialized using 'CodeIgniter\Session\Handlers\FileHandler' driver.
CRITICAL - 2024-11-14 10:38:40 --> ErrorException: Undefined array key "lokasi"
[Method: GET, Route: dashboardjadwalsholat]
in APPPATH\Views\admin\dashboardjadwalsholat.php on line 31.
 1 APPPATH\Views\admin\dashboardjadwalsholat.php(31): CodeIgniter\Debug\Exceptions->errorHandler()
 2 SYSTEMPATH\View\View.php(234): include('D:\\laragon\\www\\masjidAlhikmah\\msj\\app\\Views\\admin\\dashboardjadwalsholat.php')
 3 SYSTEMPATH\View\View.php(237): CodeIgniter\View\View->CodeIgniter\View\{closure}()
 4 SYSTEMPATH\Common.php(1171): CodeIgniter\View\View->render()
 5 APPPATH\Controllers\JadwalSholatController.php(27): view()
 6 SYSTEMPATH\CodeIgniter.php(933): App\Controllers\JadwalSholatController->index()
 7 SYSTEMPATH\CodeIgniter.php(509): CodeIgniter\CodeIgniter->runController()
 8 SYSTEMPATH\CodeIgniter.php(355): CodeIgniter\CodeIgniter->handleRequest()
 9 SYSTEMPATH\Boot.php(325): CodeIgniter\CodeIgniter->run()
10 SYSTEMPATH\Boot.php(67): CodeIgniter\Boot::runCodeIgniter()
11 FCPATH\index.php(56): CodeIgniter\Boot::bootWeb()
12 SYSTEMPATH\rewrite.php(44): require_once('D:\\laragon\\www\\masjidAlhikmah\\msj\\public\\index.php')
CRITICAL - 2024-11-14 10:56:10 --> GuzzleHttp\Exception\ConnectException: cURL error 35: OpenSSL SSL_connect: Connection was reset in connection to api.myquran.com:443  (see https://curl.haxx.se/libcurl/c/libcurl-errors.html) for https://api.myquran.com/v2/sholat/kota/semua
[Method: GET, Route: dashboardjadwalsholat]
in VENDORPATH\guzzlehttp\guzzle\src\Handler\CurlFactory.php on line 275.
 1 VENDORPATH\guzzlehttp\guzzle\src\Handler\CurlFactory.php(205): GuzzleHttp\Handler\CurlFactory::createRejection()
 2 VENDORPATH\guzzlehttp\guzzle\src\Handler\CurlFactory.php(157): GuzzleHttp\Handler\CurlFactory::finishError()
 3 VENDORPATH\guzzlehttp\guzzle\src\Handler\CurlHandler.php(47): GuzzleHttp\Handler\CurlFactory::finish()
 4 VENDORPATH\guzzlehttp\guzzle\src\Handler\Proxy.php(28): GuzzleHttp\Handler\CurlHandler->__invoke()
 5 VENDORPATH\guzzlehttp\guzzle\src\Handler\Proxy.php(48): GuzzleHttp\Handler\Proxy::GuzzleHttp\Handler\{closure}()
 6 VENDORPATH\guzzlehttp\guzzle\src\PrepareBodyMiddleware.php(35): GuzzleHttp\Handler\Proxy::GuzzleHttp\Handler\{closure}()
 7 VENDORPATH\guzzlehttp\guzzle\src\Middleware.php(31): GuzzleHttp\PrepareBodyMiddleware->__invoke()
 8 VENDORPATH\guzzlehttp\guzzle\src\RedirectMiddleware.php(71): GuzzleHttp\Middleware::GuzzleHttp\{closure}()
 9 VENDORPATH\guzzlehttp\guzzle\src\Middleware.php(66): GuzzleHttp\RedirectMiddleware->__invoke()
10 VENDORPATH\guzzlehttp\guzzle\src\HandlerStack.php(75): GuzzleHttp\Middleware::GuzzleHttp\{closure}()
11 VENDORPATH\guzzlehttp\guzzle\src\Client.php(333): GuzzleHttp\HandlerStack->__invoke()
12 VENDORPATH\guzzlehttp\guzzle\src\Client.php(169): GuzzleHttp\Client->transfer()
13 VENDORPATH\guzzlehttp\guzzle\src\Client.php(189): GuzzleHttp\Client->requestAsync()
14 VENDORPATH\guzzlehttp\guzzle\src\ClientTrait.php(44): GuzzleHttp\Client->request()
15 APPPATH\Controllers\JadwalSholatController.php(41): GuzzleHttp\Client->get()
16 APPPATH\Controllers\JadwalSholatController.php(14): App\Controllers\JadwalSholatController->fetchCities()
17 SYSTEMPATH\CodeIgniter.php(933): App\Controllers\JadwalSholatController->index()
18 SYSTEMPATH\CodeIgniter.php(509): CodeIgniter\CodeIgniter->runController()
19 SYSTEMPATH\CodeIgniter.php(355): CodeIgniter\CodeIgniter->handleRequest()
20 SYSTEMPATH\Boot.php(325): CodeIgniter\CodeIgniter->run()
21 SYSTEMPATH\Boot.php(67): CodeIgniter\Boot::runCodeIgniter()
22 FCPATH\index.php(56): CodeIgniter\Boot::bootWeb()
23 SYSTEMPATH\rewrite.php(44): require_once('D:\\laragon\\www\\masjidAlhikmah\\msj\\public\\index.php')
INFO - 2024-11-14 10:56:14 --> Session: Class initialized using 'CodeIgniter\Session\Handlers\FileHandler' driver.
INFO - 2024-11-14 11:00:18 --> Session: Class initialized using 'CodeIgniter\Session\Handlers\FileHandler' driver.
INFO - 2024-11-14 11:12:29 --> Session: Class initialized using 'CodeIgniter\Session\Handlers\FileHandler' driver.
ERROR - 2024-11-14 11:14:15 --> mysqli_sql_exception: Column 'lokasi' cannot be null in D:\laragon\www\masjidAlhikmah\msj\system\Database\MySQLi\Connection.php:312
Stack trace:
#0 D:\laragon\www\masjidAlhikmah\msj\system\Database\MySQLi\Connection.php(312): mysqli->query()
#1 D:\laragon\www\masjidAlhikmah\msj\system\Database\BaseConnection.php(734): CodeIgniter\Database\MySQLi\Connection->execute()
#2 D:\laragon\www\masjidAlhikmah\msj\system\Database\BaseConnection.php(648): CodeIgniter\Database\BaseConnection->simpleQuery()
#3 D:\laragon\www\masjidAlhikmah\msj\system\Database\BaseBuilder.php(2340): CodeIgniter\Database\BaseConnection->query()
#4 D:\laragon\www\masjidAlhikmah\msj\system\Model.php(394): CodeIgniter\Database\BaseBuilder->insert()
#5 D:\laragon\www\masjidAlhikmah\msj\system\BaseModel.php(840): CodeIgniter\Model->doInsert()
#6 D:\laragon\www\masjidAlhikmah\msj\system\Model.php(802): CodeIgniter\BaseModel->insert()
#7 D:\laragon\www\masjidAlhikmah\msj\app\Models\JadwalSholatModel.php(25): CodeIgniter\Model->insert()
#8 D:\laragon\www\masjidAlhikmah\msj\app\Controllers\JadwalSholatController.php(57): App\Models\JadwalSholatModel->saveJadwal()
#9 D:\laragon\www\masjidAlhikmah\msj\system\CodeIgniter.php(933): App\Controllers\JadwalSholatController->update()
#10 D:\laragon\www\masjidAlhikmah\msj\system\CodeIgniter.php(509): CodeIgniter\CodeIgniter->runController()
#11 D:\laragon\www\masjidAlhikmah\msj\system\CodeIgniter.php(355): CodeIgniter\CodeIgniter->handleRequest()
#12 D:\laragon\www\masjidAlhikmah\msj\system\Boot.php(325): CodeIgniter\CodeIgniter->run()
#13 D:\laragon\www\masjidAlhikmah\msj\system\Boot.php(67): CodeIgniter\Boot::runCodeIgniter()
#14 D:\laragon\www\masjidAlhikmah\msj\public\index.php(56): CodeIgniter\Boot::bootWeb()
#15 D:\laragon\www\masjidAlhikmah\msj\system\rewrite.php(44): require_once('...')
#16 {main}
CRITICAL - 2024-11-14 11:14:15 --> CodeIgniter\Database\Exceptions\DatabaseException: Column 'lokasi' cannot be null
[Method: POST, Route: dashboardjadwalsholat/update]
in SYSTEMPATH\Database\BaseConnection.php on line 688.
 1 SYSTEMPATH\Database\BaseBuilder.php(2340): CodeIgniter\Database\BaseConnection->query()
 2 SYSTEMPATH\Model.php(394): CodeIgniter\Database\BaseBuilder->insert()
 3 SYSTEMPATH\BaseModel.php(840): CodeIgniter\Model->doInsert()
 4 SYSTEMPATH\Model.php(802): CodeIgniter\BaseModel->insert()
 5 APPPATH\Models\JadwalSholatModel.php(25): CodeIgniter\Model->insert()
 6 APPPATH\Controllers\JadwalSholatController.php(57): App\Models\JadwalSholatModel->saveJadwal()
 7 SYSTEMPATH\CodeIgniter.php(933): App\Controllers\JadwalSholatController->update()
 8 SYSTEMPATH\CodeIgniter.php(509): CodeIgniter\CodeIgniter->runController()
 9 SYSTEMPATH\CodeIgniter.php(355): CodeIgniter\CodeIgniter->handleRequest()
10 SYSTEMPATH\Boot.php(325): CodeIgniter\CodeIgniter->run()
11 SYSTEMPATH\Boot.php(67): CodeIgniter\Boot::runCodeIgniter()
12 FCPATH\index.php(56): CodeIgniter\Boot::bootWeb()
13 SYSTEMPATH\rewrite.php(44): require_once('D:\\laragon\\www\\masjidAlhikmah\\msj\\public\\index.php')
CRITICAL - 2024-11-14 11:14:15 --> [Caused by] CodeIgniter\Database\Exceptions\DatabaseException: Column 'lokasi' cannot be null
in SYSTEMPATH\Database\MySQLi\Connection.php on line 317.
 1 SYSTEMPATH\Database\BaseConnection.php(734): CodeIgniter\Database\MySQLi\Connection->execute()
 2 SYSTEMPATH\Database\BaseConnection.php(648): CodeIgniter\Database\BaseConnection->simpleQuery()
 3 SYSTEMPATH\Database\BaseBuilder.php(2340): CodeIgniter\Database\BaseConnection->query()
 4 SYSTEMPATH\Model.php(394): CodeIgniter\Database\BaseBuilder->insert()
 5 SYSTEMPATH\BaseModel.php(840): CodeIgniter\Model->doInsert()
 6 SYSTEMPATH\Model.php(802): CodeIgniter\BaseModel->insert()
 7 APPPATH\Models\JadwalSholatModel.php(25): CodeIgniter\Model->insert()
 8 APPPATH\Controllers\JadwalSholatController.php(57): App\Models\JadwalSholatModel->saveJadwal()
 9 SYSTEMPATH\CodeIgniter.php(933): App\Controllers\JadwalSholatController->update()
10 SYSTEMPATH\CodeIgniter.php(509): CodeIgniter\CodeIgniter->runController()
11 SYSTEMPATH\CodeIgniter.php(355): CodeIgniter\CodeIgniter->handleRequest()
12 SYSTEMPATH\Boot.php(325): CodeIgniter\CodeIgniter->run()
13 SYSTEMPATH\Boot.php(67): CodeIgniter\Boot::runCodeIgniter()
14 FCPATH\index.php(56): CodeIgniter\Boot::bootWeb()
15 SYSTEMPATH\rewrite.php(44): require_once('D:\\laragon\\www\\masjidAlhikmah\\msj\\public\\index.php')
CRITICAL - 2024-11-14 11:14:15 --> [Caused by] mysqli_sql_exception: Column 'lokasi' cannot be null
in SYSTEMPATH\Database\MySQLi\Connection.php on line 312.
 1 SYSTEMPATH\Database\MySQLi\Connection.php(312): mysqli->query()
 2 SYSTEMPATH\Database\BaseConnection.php(734): CodeIgniter\Database\MySQLi\Connection->execute()
 3 SYSTEMPATH\Database\BaseConnection.php(648): CodeIgniter\Database\BaseConnection->simpleQuery()
 4 SYSTEMPATH\Database\BaseBuilder.php(2340): CodeIgniter\Database\BaseConnection->query()
 5 SYSTEMPATH\Model.php(394): CodeIgniter\Database\BaseBuilder->insert()
 6 SYSTEMPATH\BaseModel.php(840): CodeIgniter\Model->doInsert()
 7 SYSTEMPATH\Model.php(802): CodeIgniter\BaseModel->insert()
 8 APPPATH\Models\JadwalSholatModel.php(25): CodeIgniter\Model->insert()
 9 APPPATH\Controllers\JadwalSholatController.php(57): App\Models\JadwalSholatModel->saveJadwal()
10 SYSTEMPATH\CodeIgniter.php(933): App\Controllers\JadwalSholatController->update()
11 SYSTEMPATH\CodeIgniter.php(509): CodeIgniter\CodeIgniter->runController()
12 SYSTEMPATH\CodeIgniter.php(355): CodeIgniter\CodeIgniter->handleRequest()
13 SYSTEMPATH\Boot.php(325): CodeIgniter\CodeIgniter->run()
14 SYSTEMPATH\Boot.php(67): CodeIgniter\Boot::runCodeIgniter()
15 FCPATH\index.php(56): CodeIgniter\Boot::bootWeb()
16 SYSTEMPATH\rewrite.php(44): require_once('D:\\laragon\\www\\masjidAlhikmah\\msj\\public\\index.php')
INFO - 2024-11-14 11:15:07 --> Session: Class initialized using 'CodeIgniter\Session\Handlers\FileHandler' driver.
CRITICAL - 2024-11-14 11:16:05 --> GuzzleHttp\Exception\ConnectException: cURL error 35: OpenSSL SSL_connect: Connection was reset in connection to api.myquran.com:443  (see https://curl.haxx.se/libcurl/c/libcurl-errors.html) for https://api.myquran.com/v2/sholat/kota/semua
[Method: GET, Route: dashboardjadwalsholat]
in VENDORPATH\guzzlehttp\guzzle\src\Handler\CurlFactory.php on line 275.
 1 VENDORPATH\guzzlehttp\guzzle\src\Handler\CurlFactory.php(205): GuzzleHttp\Handler\CurlFactory::createRejection()
 2 VENDORPATH\guzzlehttp\guzzle\src\Handler\CurlFactory.php(157): GuzzleHttp\Handler\CurlFactory::finishError()
 3 VENDORPATH\guzzlehttp\guzzle\src\Handler\CurlHandler.php(47): GuzzleHttp\Handler\CurlFactory::finish()
 4 VENDORPATH\guzzlehttp\guzzle\src\Handler\Proxy.php(28): GuzzleHttp\Handler\CurlHandler->__invoke()
 5 VENDORPATH\guzzlehttp\guzzle\src\Handler\Proxy.php(48): GuzzleHttp\Handler\Proxy::GuzzleHttp\Handler\{closure}()
 6 VENDORPATH\guzzlehttp\guzzle\src\PrepareBodyMiddleware.php(35): GuzzleHttp\Handler\Proxy::GuzzleHttp\Handler\{closure}()
 7 VENDORPATH\guzzlehttp\guzzle\src\Middleware.php(31): GuzzleHttp\PrepareBodyMiddleware->__invoke()
 8 VENDORPATH\guzzlehttp\guzzle\src\RedirectMiddleware.php(71): GuzzleHttp\Middleware::GuzzleHttp\{closure}()
 9 VENDORPATH\guzzlehttp\guzzle\src\Middleware.php(66): GuzzleHttp\RedirectMiddleware->__invoke()
10 VENDORPATH\guzzlehttp\guzzle\src\HandlerStack.php(75): GuzzleHttp\Middleware::GuzzleHttp\{closure}()
11 VENDORPATH\guzzlehttp\guzzle\src\Client.php(333): GuzzleHttp\HandlerStack->__invoke()
12 VENDORPATH\guzzlehttp\guzzle\src\Client.php(169): GuzzleHttp\Client->transfer()
13 VENDORPATH\guzzlehttp\guzzle\src\Client.php(189): GuzzleHttp\Client->requestAsync()
14 VENDORPATH\guzzlehttp\guzzle\src\ClientTrait.php(44): GuzzleHttp\Client->request()
15 APPPATH\Controllers\JadwalSholatController.php(36): GuzzleHttp\Client->get()
16 APPPATH\Controllers\JadwalSholatController.php(14): App\Controllers\JadwalSholatController->fetchCities()
17 SYSTEMPATH\CodeIgniter.php(933): App\Controllers\JadwalSholatController->index()
18 SYSTEMPATH\CodeIgniter.php(509): CodeIgniter\CodeIgniter->runController()
19 SYSTEMPATH\CodeIgniter.php(355): CodeIgniter\CodeIgniter->handleRequest()
20 SYSTEMPATH\Boot.php(325): CodeIgniter\CodeIgniter->run()
21 SYSTEMPATH\Boot.php(67): CodeIgniter\Boot::runCodeIgniter()
22 FCPATH\index.php(56): CodeIgniter\Boot::bootWeb()
23 SYSTEMPATH\rewrite.php(44): require_once('D:\\laragon\\www\\masjidAlhikmah\\msj\\public\\index.php')
INFO - 2024-11-14 11:16:23 --> Session: Class initialized using 'CodeIgniter\Session\Handlers\FileHandler' driver.
