CRITICAL - 2024-10-28 10:21:24 --> CodeIgniter\View\Exceptions\ViewException: Invalid file: "event.php"
[Method: GET, Route: event]
in SYSTEMPATH\Exceptions\FrameworkException.php on line 41.
 1 SYSTEMPATH\View\View.php(222): CodeIgniter\Exceptions\FrameworkException::forInvalidFile()
 2 SYSTEMPATH\Common.php(1171): CodeIgniter\View\View->render()
 3 APPPATH\Controllers\Home.php(24): view()
 4 SYSTEMPATH\CodeIgniter.php(933): App\Controllers\Home->event()
 5 SYSTEMPATH\CodeIgniter.php(509): CodeIgniter\CodeIgniter->runController()
 6 SYSTEMPATH\CodeIgniter.php(355): CodeIgniter\CodeIgniter->handleRequest()
 7 SYSTEMPATH\Boot.php(325): CodeIgniter\CodeIgniter->run()
 8 SYSTEMPATH\Boot.php(67): CodeIgniter\Boot::runCodeIgniter()
 9 FCPATH\index.php(56): CodeIgniter\Boot::bootWeb()
10 SYSTEMPATH\rewrite.php(44): require_once('D:\\laragon\\www\\masjidAlhikmah\\msj\\public\\index.php')
CRITICAL - 2024-10-28 12:31:05 --> CodeIgniter\View\Exceptions\ViewException: Invalid file: "event.php"
[Method: GET, Route: event]
in SYSTEMPATH\Exceptions\FrameworkException.php on line 41.
 1 SYSTEMPATH\View\View.php(222): CodeIgniter\Exceptions\FrameworkException::forInvalidFile()
 2 SYSTEMPATH\Common.php(1171): CodeIgniter\View\View->render()
 3 APPPATH\Controllers\Home.php(24): view()
 4 SYSTEMPATH\CodeIgniter.php(933): App\Controllers\Home->event()
 5 SYSTEMPATH\CodeIgniter.php(509): CodeIgniter\CodeIgniter->runController()
 6 SYSTEMPATH\CodeIgniter.php(355): CodeIgniter\CodeIgniter->handleRequest()
 7 SYSTEMPATH\Boot.php(325): CodeIgniter\CodeIgniter->run()
 8 SYSTEMPATH\Boot.php(67): CodeIgniter\Boot::runCodeIgniter()
 9 FCPATH\index.php(56): CodeIgniter\Boot::bootWeb()
10 SYSTEMPATH\rewrite.php(44): require_once('D:\\laragon\\www\\masjidAlhikmah\\msj\\public\\index.php')
